touch Dependencies
rm -f kernel-ram.sys kernel-ram.map kernel-ram.mot kernel-rom.rom kernel-rom.map kernel-rom.mot
(cd d:/sdk/uTenux/lib/build/app_at91sam3; make)
make[1]: Entering directory `/d/sdk/uTenux/lib/build/app_at91sam3'
cd ../../libtk/build/app_at91sam3 ; \
	make ; \
	makei install 
make[2]: Entering directory `/d/sdk/uTenux/lib/libtk/build/app_at91sam3'
touch Dependencies
make[2]: Leaving directory `/d/sdk/uTenux/lib/libtk/build/app_at91sam3'
make[2]: Entering directory `/d/sdk/uTenux/lib/libtk/build/app_at91sam3'
make obj
make[3]: Entering directory `/d/sdk/uTenux/lib/libtk/build/app_at91sam3'
c:/uLoong/uT-Studio/v200/gcc/arm-none-eabi/bin/gcc -B c:/uLoong/uT-Studio/v200/gcc/lib/gcc/ -B c:/uLoong/uT-Studio/v200/gcc/arm-none-eabi/    -g -mcpu=cortex-m3  -mthumb -mfpu=vfp -mthumb-interwork   -g -mcpu=cortex-m3  -mthumb -mfpu=vfp -mthumb-interwork   -g -mcpu=cortex-m3  -mthumb -mfpu=vfp -mthumb-interwork   -g -mcpu=cortex-m3  -mthumb -mfpu=vfp -mthumb-interwork  -Id:/sdk/uTenux/include -D_APP_AT91SAM3_ -D_CHIP_AT91SAM3S4C_ -DDEBUG   -Id:/sdk/uTenux/include -D_APP_AT91SAM3_ -D_CHIP_AT91SAM3S4C_ -DDEBUG  -Id:/sdk/uTenux/include -I../../src -I../../src/sysdepend/cortex -I../../../../config -D_APP_AT91SAM3_ -D_CHIP_AT91SAM3S4C_ -DDEBUG  -Id:/sdk/uTenux/include -I../../src -I../../src/sysdepend/cortex -I../../../../config -D_APP_AT91SAM3_ -D_CHIP_AT91SAM3S4C_ -DDEBUG -c ../../src/sysdepend/cortex/disint.S -o disint.o
c:/uLoong/uT-Studio/v200/gcc/arm-none-eabi/bin/gcc -B c:/uLoong/uT-Studio/v200/gcc/lib/gcc/ -B c:/uLoong/uT-Studio/v200/gcc/arm-none-eabi/    -g -mcpu=cortex-m3  -mthumb -mfpu=vfp -mthumb-interwork -mstructure-size-boundary=8 -ffreestanding -Wall   -g -mcpu=cortex-m3  -mthumb -mfpu=vfp -mthumb-interwork -mstructure-size-boundary=8 -ffreestanding   -g -mcpu=cortex-m3  -mthumb -mfpu=vfp -mthumb-interwork -mstructure-size-boundary=8 -ffreestanding -fomit-frame-pointer -Wall   -g -mcpu=cortex-m3  -mthumb -mfpu=vfp -mthumb-interwork -mstructure-size-boundary=8 -ffreestanding -fomit-frame-pointer -Wall  -Id:/sdk/uTenux/include -D_APP_AT91SAM3_ -D_CHIP_AT91SAM3S4C_ -DDEBUG   -Id:/sdk/uTenux/include -D_APP_AT91SAM3_ -D_CHIP_AT91SAM3S4C_ -DDEBUG  -Id:/sdk/uTenux/include -I../../src -I../../src/sysdepend/cortex -I../../../../config -D_APP_AT91SAM3_ -D_CHIP_AT91SAM3S4C_ -DDEBUG  -Id:/sdk/uTenux/include -I../../src -I../../src/sysdepend/cortex -I../../../../config -D_APP_AT91SAM3_ -D_CHIP_AT91SAM3S4C_ -DDEBUG -c ../../src/sysdepend/cortex/int.c -o int.o
c:/uLoong/uT-Studio/v200/gcc/arm-none-eabi/bin/gcc -B c:/uLoong/uT-Studio/v200/gcc/lib/gcc/ -B c:/uLoong/uT-Studio/v200/gcc/arm-none-eabi/    -g -mcpu=cortex-m3  -mthumb -mfpu=vfp -mthumb-interwork -mstructure-size-boundary=8 -ffreestanding -Wall   -g -mcpu=cortex-m3  -mthumb -mfpu=vfp -mthumb-interwork -mstructure-size-boundary=8 -ffreestanding   -g -mcpu=cortex-m3  -mthumb -mfpu=vfp -mthumb-interwork -mstructure-size-boundary=8 -ffreestanding -fomit-frame-pointer -Wall   -g -mcpu=cortex-m3  -mthumb -mfpu=vfp -mthumb-interwork -mstructure-size-boundary=8 -ffreestanding -fomit-frame-pointer -Wall  -Id:/sdk/uTenux/include -D_APP_AT91SAM3_ -D_CHIP_AT91SAM3S4C_ -DDEBUG   -Id:/sdk/uTenux/include -D_APP_AT91SAM3_ -D_CHIP_AT91SAM3S4C_ -DDEBUG  -Id:/sdk/uTenux/include -I../../src -I../../src/sysdepend/cortex -I../../../../config -D_APP_AT91SAM3_ -D_CHIP_AT91SAM3S4C_ -DDEBUG  -Id:/sdk/uTenux/include -I../../src -I../../src/sysdepend/cortex -I../../../../config -D_APP_AT91SAM3_ -D_CHIP_AT91SAM3S4C_ -DDEBUG -c ../../src/fastlock.c -o fastlock.o
c:/uLoong/uT-Studio/v200/gcc/arm-none-eabi/bin/gcc -B c:/uLoong/uT-Studio/v200/gcc/lib/gcc/ -B c:/uLoong/uT-Studio/v200/gcc/arm-none-eabi/    -g -mcpu=cortex-m3  -mthumb -mfpu=vfp -mthumb-interwork -mstructure-size-boundary=8 -ffreestanding -Wall   -g -mcpu=cortex-m3  -mthumb -mfpu=vfp -mthumb-interwork -mstructure-size-boundary=8 -ffreestanding   -g -mcpu=cortex-m3  -mthumb -mfpu=vfp -mthumb-interwork -mstructure-size-boundary=8 -ffreestanding -fomit-frame-pointer -Wall   -g -mcpu=cortex-m3  -mthumb -mfpu=vfp -mthumb-interwork -mstructure-size-boundary=8 -ffreestanding -fomit-frame-pointer -Wall  -Id:/sdk/uTenux/include -D_APP_AT91SAM3_ -D_CHIP_AT91SAM3S4C_ -DDEBUG   -Id:/sdk/uTenux/include -D_APP_AT91SAM3_ -D_CHIP_AT91SAM3S4C_ -DDEBUG  -Id:/sdk/uTenux/include -I../../src -I../../src/sysdepend/cortex -I../../../../config -D_APP_AT91SAM3_ -D_CHIP_AT91SAM3S4C_ -DDEBUG  -Id:/sdk/uTenux/include -I../../src -I../../src/sysdepend/cortex -I../../../../config -D_APP_AT91SAM3_ -D_CHIP_AT91SAM3S4C_ -DDEBUG -c ../../src/fastmlock.c -o fastmlock.o
c:/uLoong/uT-Studio/v200/gcc/arm-none-eabi/bin/ar rv libtk.a disint.o int.o fastlock.o fastmlock.o
a - disint.o
a - int.o
a - fastlock.o
a - fastmlock.o
c:/uLoong/uT-Studio/v200/gcc/arm-none-eabi/bin/ranlib libtk.a
make[3]: Leaving directory `/d/sdk/uTenux/lib/libtk/build/app_at91sam3'
make[2]: Leaving directory `/d/sdk/uTenux/lib/libtk/build/app_at91sam3'
makei[2]: Entering directory `/d/sdk/uTenux/lib/libtk/build/app_at91sam3'
d:/sdk/uTenux/etc/backup_copy -t libtk.a d:/sdk/uTenux/lib/build/app_at91sam3
libtk.a -> d:/sdk/uTenux/lib/build/app_at91sam3/libtk.a
c:/uLoong/uT-Studio/v200/gcc/arm-none-eabi/bin/ranlib d:/sdk/uTenux/lib/build/app_at91sam3/libtk.a
makei[2]: Leaving directory `/d/sdk/uTenux/lib/libtk/build/app_at91sam3'
cd ../../libtm/build/app_at91sam3 ; \
	make ; \
	makei install 
make[2]: Entering directory `/d/sdk/uTenux/lib/libtm/build/app_at91sam3'
touch Dependencies
make[2]: Leaving directory `/d/sdk/uTenux/lib/libtm/build/app_at91sam3'
make[2]: Entering directory `/d/sdk/uTenux/lib/libtm/build/app_at91sam3'
c:/uLoong/uT-Studio/v200/gcc/arm-none-eabi/bin/gcc -B c:/uLoong/uT-Studio/v200/gcc/lib/gcc/ -B c:/uLoong/uT-Studio/v200/gcc/arm-none-eabi/    -g -mcpu=cortex-m3  -mthumb -mfpu=vfp -mthumb-interwork   -g -mcpu=cortex-m3  -mthumb -mfpu=vfp -mthumb-interwork   -g -mcpu=cortex-m3  -mthumb -mfpu=vfp -mthumb-interwork  -Id:/sdk/uTenux/include -D_APP_AT91SAM3_ -D_CHIP_AT91SAM3S4C_ -DDEBUG   -Id:/sdk/uTenux/include -D_APP_AT91SAM3_ -D_CHIP_AT91SAM3S4C_ -DDEBUG  -Id:/sdk/uTenux/include -I../../src -I../../src/sysdepend/app_at91sam3 -D_APP_AT91SAM3_ -D_CHIP_AT91SAM3S4C_ -DDEBUG -c ../../src/sysdepend/app_at91sam3/sio.S -o sio.o
c:/uLoong/uT-Studio/v200/gcc/arm-none-eabi/bin/gcc -B c:/uLoong/uT-Studio/v200/gcc/lib/gcc/ -B c:/uLoong/uT-Studio/v200/gcc/arm-none-eabi/    -g -mcpu=cortex-m3  -mthumb -mfpu=vfp -mthumb-interwork -mstructure-size-boundary=8 -ffreestanding -Wall   -g -mcpu=cortex-m3  -mthumb -mfpu=vfp -mthumb-interwork -mstructure-size-boundary=8 -ffreestanding   -g -mcpu=cortex-m3  -mthumb -mfpu=vfp -mthumb-interwork -mstructure-size-boundary=8 -ffreestanding -Wall  -Id:/sdk/uTenux/include -D_APP_AT91SAM3_ -D_CHIP_AT91SAM3S4C_ -DDEBUG   -Id:/sdk/uTenux/include -D_APP_AT91SAM3_ -D_CHIP_AT91SAM3S4C_ -DDEBUG  -Id:/sdk/uTenux/include -I../../src -I../../src/sysdepend/app_at91sam3 -D_APP_AT91SAM3_ -D_CHIP_AT91SAM3S4C_ -DDEBUG -c ../../src/tm_monitor.c -o tm_monitor.o
c:/uLoong/uT-Studio/v200/gcc/arm-none-eabi/bin/gcc -B c:/uLoong/uT-Studio/v200/gcc/lib/gcc/ -B c:/uLoong/uT-Studio/v200/gcc/arm-none-eabi/    -g -mcpu=cortex-m3  -mthumb -mfpu=vfp -mthumb-interwork -mstructure-size-boundary=8 -ffreestanding -Wall   -g -mcpu=cortex-m3  -mthumb -mfpu=vfp -mthumb-interwork -mstructure-size-boundary=8 -ffreestanding   -g -mcpu=cortex-m3  -mthumb -mfpu=vfp -mthumb-interwork -mstructure-size-boundary=8 -ffreestanding -Wall  -Id:/sdk/uTenux/include -D_APP_AT91SAM3_ -D_CHIP_AT91SAM3S4C_ -DDEBUG   -Id:/sdk/uTenux/include -D_APP_AT91SAM3_ -D_CHIP_AT91SAM3S4C_ -DDEBUG  -Id:/sdk/uTenux/include -I../../src -I../../src/sysdepend/app_at91sam3 -D_APP_AT91SAM3_ -D_CHIP_AT91SAM3S4C_ -DDEBUG -c ../../src/tm_printf.c -o tm_printf.o
c:/uLoong/uT-Studio/v200/gcc/arm-none-eabi/bin/ar rv libtm.a sio.o tm_monitor.o tm_printf.o
a - sio.o
a - tm_monitor.o
a - tm_printf.o
c:/uLoong/uT-Studio/v200/gcc/arm-none-eabi/bin/ranlib libtm.a
make[2]: Leaving directory `/d/sdk/uTenux/lib/libtm/build/app_at91sam3'
makei[2]: Entering directory `/d/sdk/uTenux/lib/libtm/build/app_at91sam3'
d:/sdk/uTenux/etc/backup_copy -t libtm.a d:/sdk/uTenux/lib/build/app_at91sam3
libtm.a -> d:/sdk/uTenux/lib/build/app_at91sam3/libtm.a
c:/uLoong/uT-Studio/v200/gcc/arm-none-eabi/bin/ranlib d:/sdk/uTenux/lib/build/app_at91sam3/libtm.a
makei[2]: Leaving directory `/d/sdk/uTenux/lib/libtm/build/app_at91sam3'
cd ../../libsvc/build/at91sam3 ; \
	make ; \
	makei install
make[2]: Entering directory `/d/sdk/uTenux/lib/libsvc/build/at91sam3'
touch Dependencies
make[2]: Leaving directory `/d/sdk/uTenux/lib/libsvc/build/at91sam3'
make[2]: Entering directory `/d/sdk/uTenux/lib/libsvc/build/at91sam3'
c:/uLoong/uT-Studio/v200/gcc/arm-none-eabi/bin/gcc -B c:/uLoong/uT-Studio/v200/gcc/lib/gcc/ -B c:/uLoong/uT-Studio/v200/gcc/arm-none-eabi/    -g -mcpu=cortex-m3  -mthumb -mfpu=vfp -mthumb-interwork   -g -mcpu=cortex-m3  -mthumb -mfpu=vfp -mthumb-interwork   -g -mcpu=cortex-m3  -mthumb -mfpu=vfp -mthumb-interwork  -Id:/sdk/uTenux/include -D_APP_AT91SAM3_ -D_CHIP_AT91SAM3S4C_ -DDEBUG   -Id:/sdk/uTenux/include -D_APP_AT91SAM3_ -D_CHIP_AT91SAM3S4C_ -DDEBUG  -Id:/sdk/uTenux/include -I../../src/sysdepend/include -Id:/sdk/uTenux/include/sys/svc -I../../src/sysdepend/cortex/include -I../../../../config -D_APP_AT91SAM3_ -D_CHIP_AT91SAM3S4C_ -DDEBUG  -c ../../src/sysdepend/cortex/td_lst_oid.S -o td_lst_oid.o
c:/uLoong/uT-Studio/v200/gcc/arm-none-eabi/bin/gcc -B c:/uLoong/uT-Studio/v200/gcc/lib/gcc/ -B c:/uLoong/uT-Studio/v200/gcc/arm-none-eabi/    -g -mcpu=cortex-m3  -mthumb -mfpu=vfp -mthumb-interwork   -g -mcpu=cortex-m3  -mthumb -mfpu=vfp -mthumb-interwork   -g -mcpu=cortex-m3  -mthumb -mfpu=vfp -mthumb-interwork  -Id:/sdk/uTenux/include -D_APP_AT91SAM3_ -D_CHIP_AT91SAM3S4C_ -DDEBUG   -Id:/sdk/uTenux/include -D_APP_AT91SAM3_ -D_CHIP_AT91SAM3S4C_ -DDEBUG  -Id:/sdk/uTenux/include -I../../src/sysdepend/include -Id:/sdk/uTenux/include/sys/svc -I../../src/sysdepend/cortex/include -I../../../../config -D_APP_AT91SAM3_ -D_CHIP_AT91SAM3S4C_ -DDEBUG  -c ../../src/sysdepend/cortex/td_ref_oid.S -o td_ref_oid.o
c:/uLoong/uT-Studio/v200/gcc/arm-none-eabi/bin/gcc -B c:/uLoong/uT-Studio/v200/gcc/lib/gcc/ -B c:/uLoong/uT-Studio/v200/gcc/arm-none-eabi/    -g -mcpu=cortex-m3  -mthumb -mfpu=vfp -mthumb-interwork   -g -mcpu=cortex-m3  -mthumb -mfpu=vfp -mthumb-interwork   -g -mcpu=cortex-m3  -mthumb -mfpu=vfp -mthumb-interwork  -Id:/sdk/uTenux/include -D_APP_AT91SAM3_ -D_CHIP_AT91SAM3S4C_ -DDEBUG   -Id:/sdk/uTenux/include -D_APP_AT91SAM3_ -D_CHIP_AT91SAM3S4C_ -DDEBUG  -Id:/sdk/uTenux/include -I../../src/sysdepend/include -Id:/sdk/uTenux/include/sys/svc -I../../src/sysdepend/cortex/include -I../../../../config -D_APP_AT91SAM3_ -D_CHIP_AT91SAM3S4C_ -DDEBUG  -c ../../src/sysdepend/cortex/td_ref_que.S -o td_ref_que.o
c:/uLoong/uT-Studio/v200/gcc/arm-none-eabi/bin/gcc -B c:/uLoong/uT-Studio/v200/gcc/lib/gcc/ -B c:/uLoong/uT-Studio/v200/gcc/arm-none-eabi/    -g -mcpu=cortex-m3  -mthumb -mfpu=vfp -mthumb-interwork   -g -mcpu=cortex-m3  -mthumb -mfpu=vfp -mthumb-interwork   -g -mcpu=cortex-m3  -mthumb -mfpu=vfp -mthumb-interwork  -Id:/sdk/uTenux/include -D_APP_AT91SAM3_ -D_CHIP_AT91SAM3S4C_ -DDEBUG   -Id:/sdk/uTenux/include -D_APP_AT91SAM3_ -D_CHIP_AT91SAM3S4C_ -DDEBUG  -Id:/sdk/uTenux/include -I../../src/sysdepend/include -Id:/sdk/uTenux/include/sys/svc -I../../src/sysdepend/cortex/include -I../../../../config -D_APP_AT91SAM3_ -D_CHIP_AT91SAM3S4C_ -DDEBUG  -c ../../src/sysdepend/cortex/td_svc_mis.S -o td_svc_mis.o
c:/uLoong/uT-Studio/v200/gcc/arm-none-eabi/bin/gcc -B c:/uLoong/uT-Studio/v200/gcc/lib/gcc/ -B c:/uLoong/uT-Studio/v200/gcc/arm-none-eabi/    -g -mcpu=cortex-m3  -mthumb -mfpu=vfp -mthumb-interwork   -g -mcpu=cortex-m3  -mthumb -mfpu=vfp -mthumb-interwork   -g -mcpu=cortex-m3  -mthumb -mfpu=vfp -mthumb-interwork  -Id:/sdk/uTenux/include -D_APP_AT91SAM3_ -D_CHIP_AT91SAM3S4C_ -DDEBUG   -Id:/sdk/uTenux/include -D_APP_AT91SAM3_ -D_CHIP_AT91SAM3S4C_ -DDEBUG  -Id:/sdk/uTenux/include -I../../src/sysdepend/include -Id:/sdk/uTenux/include/sys/svc -I../../src/sysdepend/cortex/include -I../../../../config -D_APP_AT91SAM3_ -D_CHIP_AT91SAM3S4C_ -DDEBUG  -c ../../src/sysdepend/cortex/tk_svc_alm.S -o tk_svc_alm.o
c:/uLoong/uT-Studio/v200/gcc/arm-none-eabi/bin/gcc -B c:/uLoong/uT-Studio/v200/gcc/lib/gcc/ -B c:/uLoong/uT-Studio/v200/gcc/arm-none-eabi/    -g -mcpu=cortex-m3  -mthumb -mfpu=vfp -mthumb-interwork   -g -mcpu=cortex-m3  -mthumb -mfpu=vfp -mthumb-interwork   -g -mcpu=cortex-m3  -mthumb -mfpu=vfp -mthumb-interwork  -Id:/sdk/uTenux/include -D_APP_AT91SAM3_ -D_CHIP_AT91SAM3S4C_ -DDEBUG   -Id:/sdk/uTenux/include -D_APP_AT91SAM3_ -D_CHIP_AT91SAM3S4C_ -DDEBUG  -Id:/sdk/uTenux/include -I../../src/sysdepend/include -Id:/sdk/uTenux/include/sys/svc -I../../src/sysdepend/cortex/include -I../../../../config -D_APP_AT91SAM3_ -D_CHIP_AT91SAM3S4C_ -DDEBUG  -c ../../src/sysdepend/cortex/tk_svc_cyc.S -o tk_svc_cyc.o
c:/uLoong/uT-Studio/v200/gcc/arm-none-eabi/bin/gcc -B c:/uLoong/uT-Studio/v200/gcc/lib/gcc/ -B c:/uLoong/uT-Studio/v200/gcc/arm-none-eabi/    -g -mcpu=cortex-m3  -mthumb -mfpu=vfp -mthumb-interwork   -g -mcpu=cortex-m3  -mthumb -mfpu=vfp -mthumb-interwork   -g -mcpu=cortex-m3  -mthumb -mfpu=vfp -mthumb-interwork  -Id:/sdk/uTenux/include -D_APP_AT91SAM3_ -D_CHIP_AT91SAM3S4C_ -DDEBUG   -Id:/sdk/uTenux/include -D_APP_AT91SAM3_ -D_CHIP_AT91SAM3S4C_ -DDEBUG  -Id:/sdk/uTenux/include -I../../src/sysdepend/include -Id:/sdk/uTenux/include/sys/svc -I../../src/sysdepend/cortex/include -I../../../../config -D_APP_AT91SAM3_ -D_CHIP_AT91SAM3S4C_ -DDEBUG  -c ../../src/sysdepend/cortex/tk_svc_flg.S -o tk_svc_flg.o
c:/uLoong/uT-Studio/v200/gcc/arm-none-eabi/bin/gcc -B c:/uLoong/uT-Studio/v200/gcc/lib/gcc/ -B c:/uLoong/uT-Studio/v200/gcc/arm-none-eabi/    -g -mcpu=cortex-m3  -mthumb -mfpu=vfp -mthumb-interwork   -g -mcpu=cortex-m3  -mthumb -mfpu=vfp -mthumb-interwork   -g -mcpu=cortex-m3  -mthumb -mfpu=vfp -mthumb-interwork  -Id:/sdk/uTenux/include -D_APP_AT91SAM3_ -D_CHIP_AT91SAM3S4C_ -DDEBUG   -Id:/sdk/uTenux/include -D_APP_AT91SAM3_ -D_CHIP_AT91SAM3S4C_ -DDEBUG  -Id:/sdk/uTenux/include -I../../src/sysdepend/include -Id:/sdk/uTenux/include/sys/svc -I../../src/sysdepend/cortex/include -I../../../../config -D_APP_AT91SAM3_ -D_CHIP_AT91SAM3S4C_ -DDEBUG  -c ../../src/sysdepend/cortex/tk_svc_int.S -o tk_svc_int.o
c:/uLoong/uT-Studio/v200/gcc/arm-none-eabi/bin/gcc -B c:/uLoong/uT-Studio/v200/gcc/lib/gcc/ -B c:/uLoong/uT-Studio/v200/gcc/arm-none-eabi/    -g -mcpu=cortex-m3  -mthumb -mfpu=vfp -mthumb-interwork   -g -mcpu=cortex-m3  -mthumb -mfpu=vfp -mthumb-interwork   -g -mcpu=cortex-m3  -mthumb -mfpu=vfp -mthumb-interwork  -Id:/sdk/uTenux/include -D_APP_AT91SAM3_ -D_CHIP_AT91SAM3S4C_ -DDEBUG   -Id:/sdk/uTenux/include -D_APP_AT91SAM3_ -D_CHIP_AT91SAM3S4C_ -DDEBUG  -Id:/sdk/uTenux/include -I../../src/sysdepend/include -Id:/sdk/uTenux/include/sys/svc -I../../src/sysdepend/cortex/include -I../../../../config -D_APP_AT91SAM3_ -D_CHIP_AT91SAM3S4C_ -DDEBUG  -c ../../src/sysdepend/cortex/tk_svc_mbf.S -o tk_svc_mbf.o
c:/uLoong/uT-Studio/v200/gcc/arm-none-eabi/bin/gcc -B c:/uLoong/uT-Studio/v200/gcc/lib/gcc/ -B c:/uLoong/uT-Studio/v200/gcc/arm-none-eabi/    -g -mcpu=cortex-m3  -mthumb -mfpu=vfp -mthumb-interwork   -g -mcpu=cortex-m3  -mthumb -mfpu=vfp -mthumb-interwork   -g -mcpu=cortex-m3  -mthumb -mfpu=vfp -mthumb-interwork  -Id:/sdk/uTenux/include -D_APP_AT91SAM3_ -D_CHIP_AT91SAM3S4C_ -DDEBUG   -Id:/sdk/uTenux/include -D_APP_AT91SAM3_ -D_CHIP_AT91SAM3S4C_ -DDEBUG  -Id:/sdk/uTenux/include -I../../src/sysdepend/include -Id:/sdk/uTenux/include/sys/svc -I../../src/sysdepend/cortex/include -I../../../../config -D_APP_AT91SAM3_ -D_CHIP_AT91SAM3S4C_ -DDEBUG  -c ../../src/sysdepend/cortex/tk_svc_mbx.S -o tk_svc_mbx.o
c:/uLoong/uT-Studio/v200/gcc/arm-none-eabi/bin/gcc -B c:/uLoong/uT-Studio/v200/gcc/lib/gcc/ -B c:/uLoong/uT-Studio/v200/gcc/arm-none-eabi/    -g -mcpu=cortex-m3  -mthumb -mfpu=vfp -mthumb-interwork   -g -mcpu=cortex-m3  -mthumb -mfpu=vfp -mthumb-interwork   -g -mcpu=cortex-m3  -mthumb -mfpu=vfp -mthumb-interwork  -Id:/sdk/uTenux/include -D_APP_AT91SAM3_ -D_CHIP_AT91SAM3S4C_ -DDEBUG   -Id:/sdk/uTenux/include -D_APP_AT91SAM3_ -D_CHIP_AT91SAM3S4C_ -DDEBUG  -Id:/sdk/uTenux/include -I../../src/sysdepend/include -Id:/sdk/uTenux/include/sys/svc -I../../src/sysdepend/cortex/include -I../../../../config -D_APP_AT91SAM3_ -D_CHIP_AT91SAM3S4C_ -DDEBUG  -c ../../src/sysdepend/cortex/tk_svc_mpf.S -o tk_svc_mpf.o
c:/uLoong/uT-Studio/v200/gcc/arm-none-eabi/bin/gcc -B c:/uLoong/uT-Studio/v200/gcc/lib/gcc/ -B c:/uLoong/uT-Studio/v200/gcc/arm-none-eabi/    -g -mcpu=cortex-m3  -mthumb -mfpu=vfp -mthumb-interwork   -g -mcpu=cortex-m3  -mthumb -mfpu=vfp -mthumb-interwork   -g -mcpu=cortex-m3  -mthumb -mfpu=vfp -mthumb-interwork  -Id:/sdk/uTenux/include -D_APP_AT91SAM3_ -D_CHIP_AT91SAM3S4C_ -DDEBUG   -Id:/sdk/uTenux/include -D_APP_AT91SAM3_ -D_CHIP_AT91SAM3S4C_ -DDEBUG  -Id:/sdk/uTenux/include -I../../src/sysdepend/include -Id:/sdk/uTenux/include/sys/svc -I../../src/sysdepend/cortex/include -I../../../../config -D_APP_AT91SAM3_ -D_CHIP_AT91SAM3S4C_ -DDEBUG  -c ../../src/sysdepend/cortex/tk_svc_mpl.S -o tk_svc_mpl.o
c:/uLoong/uT-Studio/v200/gcc/arm-none-eabi/bin/gcc -B c:/uLoong/uT-Studio/v200/gcc/lib/gcc/ -B c:/uLoong/uT-Studio/v200/gcc/arm-none-eabi/    -g -mcpu=cortex-m3  -mthumb -mfpu=vfp -mthumb-interwork   -g -mcpu=cortex-m3  -mthumb -mfpu=vfp -mthumb-interwork   -g -mcpu=cortex-m3  -mthumb -mfpu=vfp -mthumb-interwork  -Id:/sdk/uTenux/include -D_APP_AT91SAM3_ -D_CHIP_AT91SAM3S4C_ -DDEBUG   -Id:/sdk/uTenux/include -D_APP_AT91SAM3_ -D_CHIP_AT91SAM3S4C_ -DDEBUG  -Id:/sdk/uTenux/include -I../../src/sysdepend/include -Id:/sdk/uTenux/include/sys/svc -I../../src/sysdepend/cortex/include -I../../../../config -D_APP_AT91SAM3_ -D_CHIP_AT91SAM3S4C_ -DDEBUG  -c ../../src/sysdepend/cortex/tk_svc_mtx.S -o tk_svc_mtx.o
c:/uLoong/uT-Studio/v200/gcc/arm-none-eabi/bin/gcc -B c:/uLoong/uT-Studio/v200/gcc/lib/gcc/ -B c:/uLoong/uT-Studio/v200/gcc/arm-none-eabi/    -g -mcpu=cortex-m3  -mthumb -mfpu=vfp -mthumb-interwork   -g -mcpu=cortex-m3  -mthumb -mfpu=vfp -mthumb-interwork   -g -mcpu=cortex-m3  -mthumb -mfpu=vfp -mthumb-interwork  -Id:/sdk/uTenux/include -D_APP_AT91SAM3_ -D_CHIP_AT91SAM3S4C_ -DDEBUG   -Id:/sdk/uTenux/include -D_APP_AT91SAM3_ -D_CHIP_AT91SAM3S4C_ -DDEBUG  -Id:/sdk/uTenux/include -I../../src/sysdepend/include -Id:/sdk/uTenux/include/sys/svc -I../../src/sysdepend/cortex/include -I../../../../config -D_APP_AT91SAM3_ -D_CHIP_AT91SAM3S4C_ -DDEBUG  -c ../../src/sysdepend/cortex/tk_svc_por.S -o tk_svc_por.o
c:/uLoong/uT-Studio/v200/gcc/arm-none-eabi/bin/gcc -B c:/uLoong/uT-Studio/v200/gcc/lib/gcc/ -B c:/uLoong/uT-Studio/v200/gcc/arm-none-eabi/    -g -mcpu=cortex-m3  -mthumb -mfpu=vfp -mthumb-interwork   -g -mcpu=cortex-m3  -mthumb -mfpu=vfp -mthumb-interwork   -g -mcpu=cortex-m3  -mthumb -mfpu=vfp -mthumb-interwork  -Id:/sdk/uTenux/include -D_APP_AT91SAM3_ -D_CHIP_AT91SAM3S4C_ -DDEBUG   -Id:/sdk/uTenux/include -D_APP_AT91SAM3_ -D_CHIP_AT91SAM3S4C_ -DDEBUG  -Id:/sdk/uTenux/include -I../../src/sysdepend/include -Id:/sdk/uTenux/include/sys/svc -I../../src/sysdepend/cortex/include -I../../../../config -D_APP_AT91SAM3_ -D_CHIP_AT91SAM3S4C_ -DDEBUG  -c ../../src/sysdepend/cortex/tk_svc_sem.S -o tk_svc_sem.o
c:/uLoong/uT-Studio/v200/gcc/arm-none-eabi/bin/gcc -B c:/uLoong/uT-Studio/v200/gcc/lib/gcc/ -B c:/uLoong/uT-Studio/v200/gcc/arm-none-eabi/    -g -mcpu=cortex-m3  -mthumb -mfpu=vfp -mthumb-interwork   -g -mcpu=cortex-m3  -mthumb -mfpu=vfp -mthumb-interwork   -g -mcpu=cortex-m3  -mthumb -mfpu=vfp -mthumb-interwork  -Id:/sdk/uTenux/include -D_APP_AT91SAM3_ -D_CHIP_AT91SAM3S4C_ -DDEBUG   -Id:/sdk/uTenux/include -D_APP_AT91SAM3_ -D_CHIP_AT91SAM3S4C_ -DDEBUG  -Id:/sdk/uTenux/include -I../../src/sysdepend/include -Id:/sdk/uTenux/include/sys/svc -I../../src/sysdepend/cortex/include -I../../../../config -D_APP_AT91SAM3_ -D_CHIP_AT91SAM3S4C_ -DDEBUG  -c ../../src/sysdepend/cortex/tk_svc_sys.S -o tk_svc_sys.o
c:/uLoong/uT-Studio/v200/gcc/arm-none-eabi/bin/gcc -B c:/uLoong/uT-Studio/v200/gcc/lib/gcc/ -B c:/uLoong/uT-Studio/v200/gcc/arm-none-eabi/    -g -mcpu=cortex-m3  -mthumb -mfpu=vfp -mthumb-interwork   -g -mcpu=cortex-m3  -mthumb -mfpu=vfp -mthumb-interwork   -g -mcpu=cortex-m3  -mthumb -mfpu=vfp -mthumb-interwork  -Id:/sdk/uTenux/include -D_APP_AT91SAM3_ -D_CHIP_AT91SAM3S4C_ -DDEBUG   -Id:/sdk/uTenux/include -D_APP_AT91SAM3_ -D_CHIP_AT91SAM3S4C_ -DDEBUG  -Id:/sdk/uTenux/include -I../../src/sysdepend/include -Id:/sdk/uTenux/include/sys/svc -I../../src/sysdepend/cortex/include -I../../../../config -D_APP_AT91SAM3_ -D_CHIP_AT91SAM3S4C_ -DDEBUG  -c ../../src/sysdepend/cortex/tk_svc_tim.S -o tk_svc_tim.o
c:/uLoong/uT-Studio/v200/gcc/arm-none-eabi/bin/gcc -B c:/uLoong/uT-Studio/v200/gcc/lib/gcc/ -B c:/uLoong/uT-Studio/v200/gcc/arm-none-eabi/    -g -mcpu=cortex-m3  -mthumb -mfpu=vfp -mthumb-interwork   -g -mcpu=cortex-m3  -mthumb -mfpu=vfp -mthumb-interwork   -g -mcpu=cortex-m3  -mthumb -mfpu=vfp -mthumb-interwork  -Id:/sdk/uTenux/include -D_APP_AT91SAM3_ -D_CHIP_AT91SAM3S4C_ -DDEBUG   -Id:/sdk/uTenux/include -D_APP_AT91SAM3_ -D_CHIP_AT91SAM3S4C_ -DDEBUG  -Id:/sdk/uTenux/include -I../../src/sysdepend/include -Id:/sdk/uTenux/include/sys/svc -I../../src/sysdepend/cortex/include -I../../../../config -D_APP_AT91SAM3_ -D_CHIP_AT91SAM3S4C_ -DDEBUG  -c ../../src/sysdepend/cortex/tk_svc_tsk.S -o tk_svc_tsk.o
c:/uLoong/uT-Studio/v200/gcc/arm-none-eabi/bin/ar rv libsvc.a td_lst_oid.o td_ref_oid.o td_ref_que.o td_svc_mis.o tk_svc_alm.o tk_svc_cyc.o tk_svc_flg.o tk_svc_int.o tk_svc_mbf.o tk_svc_mbx.o tk_svc_mpf.o tk_svc_mpl.o tk_svc_mtx.o tk_svc_por.o tk_svc_sem.o tk_svc_sys.o tk_svc_tim.o tk_svc_tsk.o
a - td_lst_oid.o
a - td_ref_oid.o
a - td_ref_que.o
a - td_svc_mis.o
a - tk_svc_alm.o
a - tk_svc_cyc.o
a - tk_svc_flg.o
a - tk_svc_int.o
a - tk_svc_mbf.o
a - tk_svc_mbx.o
a - tk_svc_mpf.o
a - tk_svc_mpl.o
a - tk_svc_mtx.o
a - tk_svc_por.o
a - tk_svc_sem.o
a - tk_svc_sys.o
a - tk_svc_tim.o
a - tk_svc_tsk.o
c:/uLoong/uT-Studio/v200/gcc/arm-none-eabi/bin/ranlib libsvc.a
make[2]: Leaving directory `/d/sdk/uTenux/lib/libsvc/build/at91sam3'
makei[2]: Entering directory `/d/sdk/uTenux/lib/libsvc/build/at91sam3'
d:/sdk/uTenux/etc/backup_copy -t libsvc.a d:/sdk/uTenux/lib/build/app_at91sam3
libsvc.a -> d:/sdk/uTenux/lib/build/app_at91sam3/libsvc.a
c:/uLoong/uT-Studio/v200/gcc/arm-none-eabi/bin/ranlib d:/sdk/uTenux/lib/build/app_at91sam3/libsvc.a
makei[2]: Leaving directory `/d/sdk/uTenux/lib/libsvc/build/at91sam3'
cd ../../libstr/build/at91sam3 ; \
	make ; \
	makei install
make[2]: Entering directory `/d/sdk/uTenux/lib/libstr/build/at91sam3'
touch Dependencies
make[2]: Leaving directory `/d/sdk/uTenux/lib/libstr/build/at91sam3'
make[2]: Entering directory `/d/sdk/uTenux/lib/libstr/build/at91sam3'
make obj
make[3]: Entering directory `/d/sdk/uTenux/lib/libstr/build/at91sam3'
c:/uLoong/uT-Studio/v200/gcc/arm-none-eabi/bin/gcc -B c:/uLoong/uT-Studio/v200/gcc/lib/gcc/ -B c:/uLoong/uT-Studio/v200/gcc/arm-none-eabi/    -g -mcpu=cortex-m3  -mthumb -mfpu=vfp -mthumb-interwork -mstructure-size-boundary=8 -ffreestanding -Wall   -g -mcpu=cortex-m3  -mthumb -mfpu=vfp -mthumb-interwork -mstructure-size-boundary=8 -ffreestanding   -g -mcpu=cortex-m3  -mthumb -mfpu=vfp -mthumb-interwork -mstructure-size-boundary=8 -ffreestanding -fomit-frame-pointer -Wall   -g -mcpu=cortex-m3  -mthumb -mfpu=vfp -mthumb-interwork -mstructure-size-boundary=8 -ffreestanding -fomit-frame-pointer -Wall  -Id:/sdk/uTenux/include -D_APP_AT91SAM3_ -D_CHIP_AT91SAM3S4C_ -DDEBUG   -Id:/sdk/uTenux/include -D_APP_AT91SAM3_ -D_CHIP_AT91SAM3S4C_ -DDEBUG  -Id:/sdk/uTenux/include -I../../src -I../../src/sysdepend/at91sam3 -D_APP_AT91SAM3_ -D_CHIP_AT91SAM3S4C_ -DDEBUG  -Id:/sdk/uTenux/include -I../../src -I../../src/sysdepend/at91sam3 -D_APP_AT91SAM3_ -D_CHIP_AT91SAM3S4C_ -DDEBUG -c ../../src/string.c -o string.o
c:/uLoong/uT-Studio/v200/gcc/arm-none-eabi/bin/ar rv libstr.a string.o
a - string.o
c:/uLoong/uT-Studio/v200/gcc/arm-none-eabi/bin/ranlib libstr.a
make[3]: Leaving directory `/d/sdk/uTenux/lib/libstr/build/at91sam3'
make[2]: Leaving directory `/d/sdk/uTenux/lib/libstr/build/at91sam3'
makei[2]: Entering directory `/d/sdk/uTenux/lib/libstr/build/at91sam3'
d:/sdk/uTenux/etc/backup_copy -t libstr.a d:/sdk/uTenux/lib/build/app_at91sam3
libstr.a -> d:/sdk/uTenux/lib/build/app_at91sam3/libstr.a
c:/uLoong/uT-Studio/v200/gcc/arm-none-eabi/bin/ranlib d:/sdk/uTenux/lib/build/app_at91sam3/libstr.a
makei[2]: Leaving directory `/d/sdk/uTenux/lib/libstr/build/at91sam3'
make[1]: Leaving directory `/d/sdk/uTenux/lib/build/app_at91sam3'
( cd d:/sdk/uTenux/kernel/build/app_at91sam3 ; make)
make[1]: Entering directory `/d/sdk/uTenux/kernel/build/app_at91sam3'
cd ../../device/build/app_at91sam3 ; \
	make ; \
	makei install
make[2]: Entering directory `/d/sdk/uTenux/kernel/device/build/app_at91sam3'
touch Dependencies
make[2]: Leaving directory `/d/sdk/uTenux/kernel/device/build/app_at91sam3'
make[2]: Entering directory `/d/sdk/uTenux/kernel/device/build/app_at91sam3'
c:/uLoong/uT-Studio/v200/gcc/arm-none-eabi/bin/gcc -B c:/uLoong/uT-Studio/v200/gcc/lib/gcc/ -B c:/uLoong/uT-Studio/v200/gcc/arm-none-eabi/    -g -mcpu=cortex-m3  -mthumb -mfpu=vfp -mthumb-interwork   -g -mcpu=cortex-m3  -mthumb -mfpu=vfp -mthumb-interwork   -g -mcpu=cortex-m3  -mthumb -mfpu=vfp -mthumb-interwork  -Id:/sdk/uTenux/include -D_APP_AT91SAM3_ -D_CHIP_AT91SAM3S4C_ -DDEBUG   -Id:/sdk/uTenux/include -D_APP_AT91SAM3_ -D_CHIP_AT91SAM3S4C_ -DDEBUG  -Id:/sdk/uTenux/include -I../../src -I../../src/sysdepend/app_at91sam3 -I../../../tstd/src -I../../../sysinit/src -I../../../tkernel/src -I../../../cpu/src/sysdepend/cortex -I../../../../config -D_APP_AT91SAM3_ -D_CHIP_AT91SAM3S4C_ -DDEBUG -c ../../src/sysdepend/app_at91sam3/icrt0.S -o icrt0.o
c:/uLoong/uT-Studio/v200/gcc/arm-none-eabi/bin/gcc -B c:/uLoong/uT-Studio/v200/gcc/lib/gcc/ -B c:/uLoong/uT-Studio/v200/gcc/arm-none-eabi/    -g -mcpu=cortex-m3  -mthumb -mfpu=vfp -mthumb-interwork -mstructure-size-boundary=8 -ffreestanding -Wall   -g -mcpu=cortex-m3  -mthumb -mfpu=vfp -mthumb-interwork -mstructure-size-boundary=8 -ffreestanding   -g -mcpu=cortex-m3  -mthumb -mfpu=vfp -mthumb-interwork -mstructure-size-boundary=8 -ffreestanding -Wall  -Id:/sdk/uTenux/include -D_APP_AT91SAM3_ -D_CHIP_AT91SAM3S4C_ -DDEBUG   -Id:/sdk/uTenux/include -D_APP_AT91SAM3_ -D_CHIP_AT91SAM3S4C_ -DDEBUG  -Id:/sdk/uTenux/include -I../../src -I../../src/sysdepend/app_at91sam3 -I../../../tstd/src -I../../../sysinit/src -I../../../tkernel/src -I../../../cpu/src/sysdepend/cortex -I../../../../config -D_APP_AT91SAM3_ -D_CHIP_AT91SAM3S4C_ -DDEBUG -c ../../src/sysdepend/app_at91sam3/devinit.c -o devinit.o
c:/uLoong/uT-Studio/v200/gcc/arm-none-eabi/bin/gcc -B c:/uLoong/uT-Studio/v200/gcc/lib/gcc/ -B c:/uLoong/uT-Studio/v200/gcc/arm-none-eabi/    -g -mcpu=cortex-m3  -mthumb -mfpu=vfp -mthumb-interwork -mstructure-size-boundary=8 -ffreestanding -Wall   -g -mcpu=cortex-m3  -mthumb -mfpu=vfp -mthumb-interwork -mstructure-size-boundary=8 -ffreestanding   -g -mcpu=cortex-m3  -mthumb -mfpu=vfp -mthumb-interwork -mstructure-size-boundary=8 -ffreestanding -Wall  -Id:/sdk/uTenux/include -D_APP_AT91SAM3_ -D_CHIP_AT91SAM3S4C_ -DDEBUG   -Id:/sdk/uTenux/include -D_APP_AT91SAM3_ -D_CHIP_AT91SAM3S4C_ -DDEBUG  -Id:/sdk/uTenux/include -I../../src -I../../src/sysdepend/app_at91sam3 -I../../../tstd/src -I../../../sysinit/src -I../../../tkernel/src -I../../../cpu/src/sysdepend/cortex -I../../../../config -D_APP_AT91SAM3_ -D_CHIP_AT91SAM3S4C_ -DDEBUG -c ../../src/sysdepend/app_at91sam3/patch.c -o patch.o
c:/uLoong/uT-Studio/v200/gcc/arm-none-eabi/bin/gcc -B c:/uLoong/uT-Studio/v200/gcc/lib/gcc/ -B c:/uLoong/uT-Studio/v200/gcc/arm-none-eabi/    -g -mcpu=cortex-m3  -mthumb -mfpu=vfp -mthumb-interwork -mstructure-size-boundary=8 -ffreestanding -Wall   -g -mcpu=cortex-m3  -mthumb -mfpu=vfp -mthumb-interwork -mstructure-size-boundary=8 -ffreestanding   -g -mcpu=cortex-m3  -mthumb -mfpu=vfp -mthumb-interwork -mstructure-size-boundary=8 -ffreestanding -Wall  -Id:/sdk/uTenux/include -D_APP_AT91SAM3_ -D_CHIP_AT91SAM3S4C_ -DDEBUG   -Id:/sdk/uTenux/include -D_APP_AT91SAM3_ -D_CHIP_AT91SAM3S4C_ -DDEBUG  -Id:/sdk/uTenux/include -I../../src -I../../src/sysdepend/app_at91sam3 -I../../../tstd/src -I../../../sysinit/src -I../../../tkernel/src -I../../../cpu/src/sysdepend/cortex -I../../../../config -D_APP_AT91SAM3_ -D_CHIP_AT91SAM3S4C_ -DDEBUG -c ../../src/sysdepend/app_at91sam3/power.c -o power.o
c:/uLoong/uT-Studio/v200/gcc/arm-none-eabi/bin/gcc -B c:/uLoong/uT-Studio/v200/gcc/lib/gcc/ -B c:/uLoong/uT-Studio/v200/gcc/arm-none-eabi/    -g -mcpu=cortex-m3  -mthumb -mfpu=vfp -mthumb-interwork -mstructure-size-boundary=8 -ffreestanding -Wall   -g -mcpu=cortex-m3  -mthumb -mfpu=vfp -mthumb-interwork -mstructure-size-boundary=8 -ffreestanding   -g -mcpu=cortex-m3  -mthumb -mfpu=vfp -mthumb-interwork -mstructure-size-boundary=8 -ffreestanding -Wall  -Id:/sdk/uTenux/include -D_APP_AT91SAM3_ -D_CHIP_AT91SAM3S4C_ -DDEBUG   -Id:/sdk/uTenux/include -D_APP_AT91SAM3_ -D_CHIP_AT91SAM3S4C_ -DDEBUG  -Id:/sdk/uTenux/include -I../../src -I../../src/sysdepend/app_at91sam3 -I../../../tstd/src -I../../../sysinit/src -I../../../tkernel/src -I../../../cpu/src/sysdepend/cortex -I../../../../config -D_APP_AT91SAM3_ -D_CHIP_AT91SAM3S4C_ -DDEBUG -c ../../src/sysdepend/app_at91sam3/tkdev_init.c -o tkdev_init.o
c:/uLoong/uT-Studio/v200/gcc/arm-none-eabi/bin/ar rv libdevice.a icrt0.o devinit.o patch.o power.o tkdev_init.o
a - icrt0.o
a - devinit.o
a - patch.o
a - power.o
a - tkdev_init.o
c:/uLoong/uT-Studio/v200/gcc/arm-none-eabi/bin/ranlib libdevice.a
make[2]: Leaving directory `/d/sdk/uTenux/kernel/device/build/app_at91sam3'
makei[2]: Entering directory `/d/sdk/uTenux/kernel/device/build/app_at91sam3'
d:/sdk/uTenux/etc/backup_copy -t libdevice.a d:/sdk/uTenux/kernel/build/app_at91sam3
libdevice.a -> d:/sdk/uTenux/kernel/build/app_at91sam3/libdevice.a
d:/sdk/uTenux/etc/backup_copy -t icrt0.o d:/sdk/uTenux/kernel/build/app_at91sam3
icrt0.o -> d:/sdk/uTenux/kernel/build/app_at91sam3/icrt0.o
d:/sdk/uTenux/etc/backup_copy -t patch.o d:/sdk/uTenux/kernel/build/app_at91sam3
patch.o -> d:/sdk/uTenux/kernel/build/app_at91sam3/patch.o
makei[2]: Leaving directory `/d/sdk/uTenux/kernel/device/build/app_at91sam3'
cd ../../sysinit/build/app_at91sam3 ; \
	make ; \
	makei install
make[2]: Entering directory `/d/sdk/uTenux/kernel/sysinit/build/app_at91sam3'
touch Dependencies
make[2]: Leaving directory `/d/sdk/uTenux/kernel/sysinit/build/app_at91sam3'
make[2]: Entering directory `/d/sdk/uTenux/kernel/sysinit/build/app_at91sam3'
c:/uLoong/uT-Studio/v200/gcc/arm-none-eabi/bin/gcc -B c:/uLoong/uT-Studio/v200/gcc/lib/gcc/ -B c:/uLoong/uT-Studio/v200/gcc/arm-none-eabi/    -g -mcpu=cortex-m3  -mthumb -mfpu=vfp -mthumb-interwork -mstructure-size-boundary=8 -ffreestanding -Wall   -g -mcpu=cortex-m3  -mthumb -mfpu=vfp -mthumb-interwork -mstructure-size-boundary=8 -ffreestanding   -g -mcpu=cortex-m3  -mthumb -mfpu=vfp -mthumb-interwork -mstructure-size-boundary=8 -ffreestanding -Wall  -Id:/sdk/uTenux/include -D_APP_AT91SAM3_ -D_CHIP_AT91SAM3S4C_ -DDEBUG   -Id:/sdk/uTenux/include -D_APP_AT91SAM3_ -D_CHIP_AT91SAM3S4C_ -DDEBUG  -Id:/sdk/uTenux/include -I../../src -I../../../cpu/src/sysdepend/cortex -I../../../device/src/sysdepend/app_at91sam3 -I../../../tkernel/src -I../../../../config -D_APP_AT91SAM3_ -D_CHIP_AT91SAM3S4C_ -DDEBUG -c ../../src/sysinit_main.c -o sysinit_main.o
c:/uLoong/uT-Studio/v200/gcc/arm-none-eabi/bin/gcc -B c:/uLoong/uT-Studio/v200/gcc/lib/gcc/ -B c:/uLoong/uT-Studio/v200/gcc/arm-none-eabi/    -g -mcpu=cortex-m3  -mthumb -mfpu=vfp -mthumb-interwork -mstructure-size-boundary=8 -ffreestanding -Wall   -g -mcpu=cortex-m3  -mthumb -mfpu=vfp -mthumb-interwork -mstructure-size-boundary=8 -ffreestanding   -g -mcpu=cortex-m3  -mthumb -mfpu=vfp -mthumb-interwork -mstructure-size-boundary=8 -ffreestanding -Wall  -Id:/sdk/uTenux/include -D_APP_AT91SAM3_ -D_CHIP_AT91SAM3S4C_ -DDEBUG   -Id:/sdk/uTenux/include -D_APP_AT91SAM3_ -D_CHIP_AT91SAM3S4C_ -DDEBUG  -Id:/sdk/uTenux/include -I../../src -I../../../cpu/src/sysdepend/cortex -I../../../device/src/sysdepend/app_at91sam3 -I../../../tkernel/src -I../../../../config -D_APP_AT91SAM3_ -D_CHIP_AT91SAM3S4C_ -DDEBUG -c ../../src/sysstartup.c -o sysstartup.o
c:/uLoong/uT-Studio/v200/gcc/arm-none-eabi/bin/gcc -B c:/uLoong/uT-Studio/v200/gcc/lib/gcc/ -B c:/uLoong/uT-Studio/v200/gcc/arm-none-eabi/    -Ld:/sdk/uTenux/lib/build/app_at91sam3 -mcpu=cortex-m3  -mthumb -mfpu=vfp -mthumb-interwork -r -nostdlib sysinit_main.o sysstartup.o -o sysinit.o
make[2]: Leaving directory `/d/sdk/uTenux/kernel/sysinit/build/app_at91sam3'
makei[2]: Entering directory `/d/sdk/uTenux/kernel/sysinit/build/app_at91sam3'
d:/sdk/uTenux/etc/backup_copy -t sysinit.o d:/sdk/uTenux/kernel/build/app_at91sam3
sysinit.o -> d:/sdk/uTenux/kernel/build/app_at91sam3/sysinit.o
makei[2]: Leaving directory `/d/sdk/uTenux/kernel/sysinit/build/app_at91sam3'
cd ../../sysmain/build/app_at91sam3 ; \
	make ; \
	makei install
make[2]: Entering directory `/d/sdk/uTenux/kernel/sysmain/build/app_at91sam3'
touch Dependencies
make[2]: Leaving directory `/d/sdk/uTenux/kernel/sysmain/build/app_at91sam3'
make[2]: Entering directory `/d/sdk/uTenux/kernel/sysmain/build/app_at91sam3'
c:/uLoong/uT-Studio/v200/gcc/arm-none-eabi/bin/gcc -B c:/uLoong/uT-Studio/v200/gcc/lib/gcc/ -B c:/uLoong/uT-Studio/v200/gcc/arm-none-eabi/    -g -mcpu=cortex-m3  -mthumb -mfpu=vfp -mthumb-interwork -mstructure-size-boundary=8 -ffreestanding -Wall   -g -mcpu=cortex-m3  -mthumb -mfpu=vfp -mthumb-interwork -mstructure-size-boundary=8 -ffreestanding   -g -mcpu=cortex-m3  -mthumb -mfpu=vfp -mthumb-interwork -mstructure-size-boundary=8 -ffreestanding -Wall  -Id:/sdk/uTenux/include -D_APP_AT91SAM3_ -D_CHIP_AT91SAM3S4C_ -DDEBUG   -Id:/sdk/uTenux/include -D_APP_AT91SAM3_ -D_CHIP_AT91SAM3S4C_ -DDEBUG  -Id:/sdk/uTenux/include -I../../src -I../../../cpu/src/sysdepend/cortex -I../../../device/src/sysdepend/app_at91sam3 -I../../../tkernel/src -I../../../../config -D_APP_AT91SAM3_ -D_CHIP_AT91SAM3S4C_ -DDEBUG -c ../../src/inittask_main.c -o inittask_main.o
c:/uLoong/uT-Studio/v200/gcc/arm-none-eabi/bin/gcc -B c:/uLoong/uT-Studio/v200/gcc/lib/gcc/ -B c:/uLoong/uT-Studio/v200/gcc/arm-none-eabi/    -Ld:/sdk/uTenux/lib/build/app_at91sam3 -mcpu=cortex-m3  -mthumb -mfpu=vfp -mthumb-interwork -r -nostdlib inittask_main.o -o sysmain.o
make[2]: Leaving directory `/d/sdk/uTenux/kernel/sysmain/build/app_at91sam3'
makei[2]: Entering directory `/d/sdk/uTenux/kernel/sysmain/build/app_at91sam3'
d:/sdk/uTenux/etc/backup_copy -t sysmain.o d:/sdk/uTenux/kernel/build/app_at91sam3
sysmain.o -> d:/sdk/uTenux/kernel/build/app_at91sam3/sysmain.o
makei[2]: Leaving directory `/d/sdk/uTenux/kernel/sysmain/build/app_at91sam3'
cd ../../tkernel/build/app_at91sam3 ; \
	make ; \
	makei install
make[2]: Entering directory `/d/sdk/uTenux/kernel/tkernel/build/app_at91sam3'
touch Dependencies
make[2]: Leaving directory `/d/sdk/uTenux/kernel/tkernel/build/app_at91sam3'
make[2]: Entering directory `/d/sdk/uTenux/kernel/tkernel/build/app_at91sam3'
c:/uLoong/uT-Studio/v200/gcc/arm-none-eabi/bin/gcc -B c:/uLoong/uT-Studio/v200/gcc/lib/gcc/ -B c:/uLoong/uT-Studio/v200/gcc/arm-none-eabi/    -g -mcpu=cortex-m3  -mthumb -mfpu=vfp -mthumb-interwork -mstructure-size-boundary=8 -ffreestanding -Wall   -g -mcpu=cortex-m3  -mthumb -mfpu=vfp -mthumb-interwork -mstructure-size-boundary=8 -ffreestanding   -g -mcpu=cortex-m3  -mthumb -mfpu=vfp -mthumb-interwork -mstructure-size-boundary=8 -ffreestanding -Wall  -Id:/sdk/uTenux/include -D_APP_AT91SAM3_ -D_CHIP_AT91SAM3S4C_ -DDEBUG   -Id:/sdk/uTenux/include -D_APP_AT91SAM3_ -D_CHIP_AT91SAM3S4C_ -DDEBUG  -Id:/sdk/uTenux/include -I../../src -I../../../cpu/src/sysdepend/cortex -I../../../device/src/sysdepend/app_at91sam3 -I../../../tstd/src -I../../../../config -I../../../cpu/src/sysdepend/cortex -D_APP_AT91SAM3_ -D_CHIP_AT91SAM3S4C_ -DDEBUG -c ../../src/eventflag.c -o eventflag.o
c:/uLoong/uT-Studio/v200/gcc/arm-none-eabi/bin/gcc -B c:/uLoong/uT-Studio/v200/gcc/lib/gcc/ -B c:/uLoong/uT-Studio/v200/gcc/arm-none-eabi/    -g -mcpu=cortex-m3  -mthumb -mfpu=vfp -mthumb-interwork -mstructure-size-boundary=8 -ffreestanding -Wall   -g -mcpu=cortex-m3  -mthumb -mfpu=vfp -mthumb-interwork -mstructure-size-boundary=8 -ffreestanding   -g -mcpu=cortex-m3  -mthumb -mfpu=vfp -mthumb-interwork -mstructure-size-boundary=8 -ffreestanding -Wall  -Id:/sdk/uTenux/include -D_APP_AT91SAM3_ -D_CHIP_AT91SAM3S4C_ -DDEBUG   -Id:/sdk/uTenux/include -D_APP_AT91SAM3_ -D_CHIP_AT91SAM3S4C_ -DDEBUG  -Id:/sdk/uTenux/include -I../../src -I../../../cpu/src/sysdepend/cortex -I../../../device/src/sysdepend/app_at91sam3 -I../../../tstd/src -I../../../../config -I../../../cpu/src/sysdepend/cortex -D_APP_AT91SAM3_ -D_CHIP_AT91SAM3S4C_ -DDEBUG -c ../../src/klock.c -o klock.o
c:/uLoong/uT-Studio/v200/gcc/arm-none-eabi/bin/gcc -B c:/uLoong/uT-Studio/v200/gcc/lib/gcc/ -B c:/uLoong/uT-Studio/v200/gcc/arm-none-eabi/    -g -mcpu=cortex-m3  -mthumb -mfpu=vfp -mthumb-interwork -mstructure-size-boundary=8 -ffreestanding -Wall   -g -mcpu=cortex-m3  -mthumb -mfpu=vfp -mthumb-interwork -mstructure-size-boundary=8 -ffreestanding   -g -mcpu=cortex-m3  -mthumb -mfpu=vfp -mthumb-interwork -mstructure-size-boundary=8 -ffreestanding -Wall  -Id:/sdk/uTenux/include -D_APP_AT91SAM3_ -D_CHIP_AT91SAM3S4C_ -DDEBUG   -Id:/sdk/uTenux/include -D_APP_AT91SAM3_ -D_CHIP_AT91SAM3S4C_ -DDEBUG  -Id:/sdk/uTenux/include -I../../src -I../../../cpu/src/sysdepend/cortex -I../../../device/src/sysdepend/app_at91sam3 -I../../../tstd/src -I../../../../config -I../../../cpu/src/sysdepend/cortex -D_APP_AT91SAM3_ -D_CHIP_AT91SAM3S4C_ -DDEBUG -c ../../src/mailbox.c -o mailbox.o
c:/uLoong/uT-Studio/v200/gcc/arm-none-eabi/bin/gcc -B c:/uLoong/uT-Studio/v200/gcc/lib/gcc/ -B c:/uLoong/uT-Studio/v200/gcc/arm-none-eabi/    -g -mcpu=cortex-m3  -mthumb -mfpu=vfp -mthumb-interwork -mstructure-size-boundary=8 -ffreestanding -Wall   -g -mcpu=cortex-m3  -mthumb -mfpu=vfp -mthumb-interwork -mstructure-size-boundary=8 -ffreestanding   -g -mcpu=cortex-m3  -mthumb -mfpu=vfp -mthumb-interwork -mstructure-size-boundary=8 -ffreestanding -Wall  -Id:/sdk/uTenux/include -D_APP_AT91SAM3_ -D_CHIP_AT91SAM3S4C_ -DDEBUG   -Id:/sdk/uTenux/include -D_APP_AT91SAM3_ -D_CHIP_AT91SAM3S4C_ -DDEBUG  -Id:/sdk/uTenux/include -I../../src -I../../../cpu/src/sysdepend/cortex -I../../../device/src/sysdepend/app_at91sam3 -I../../../tstd/src -I../../../../config -I../../../cpu/src/sysdepend/cortex -D_APP_AT91SAM3_ -D_CHIP_AT91SAM3S4C_ -DDEBUG -c ../../src/memory.c -o memory.o
c:/uLoong/uT-Studio/v200/gcc/arm-none-eabi/bin/gcc -B c:/uLoong/uT-Studio/v200/gcc/lib/gcc/ -B c:/uLoong/uT-Studio/v200/gcc/arm-none-eabi/    -g -mcpu=cortex-m3  -mthumb -mfpu=vfp -mthumb-interwork -mstructure-size-boundary=8 -ffreestanding -Wall   -g -mcpu=cortex-m3  -mthumb -mfpu=vfp -mthumb-interwork -mstructure-size-boundary=8 -ffreestanding   -g -mcpu=cortex-m3  -mthumb -mfpu=vfp -mthumb-interwork -mstructure-size-boundary=8 -ffreestanding -Wall  -Id:/sdk/uTenux/include -D_APP_AT91SAM3_ -D_CHIP_AT91SAM3S4C_ -DDEBUG   -Id:/sdk/uTenux/include -D_APP_AT91SAM3_ -D_CHIP_AT91SAM3S4C_ -DDEBUG  -Id:/sdk/uTenux/include -I../../src -I../../../cpu/src/sysdepend/cortex -I../../../device/src/sysdepend/app_at91sam3 -I../../../tstd/src -I../../../../config -I../../../cpu/src/sysdepend/cortex -D_APP_AT91SAM3_ -D_CHIP_AT91SAM3S4C_ -DDEBUG -c ../../src/mempfix.c -o mempfix.o
c:/uLoong/uT-Studio/v200/gcc/arm-none-eabi/bin/gcc -B c:/uLoong/uT-Studio/v200/gcc/lib/gcc/ -B c:/uLoong/uT-Studio/v200/gcc/arm-none-eabi/    -g -mcpu=cortex-m3  -mthumb -mfpu=vfp -mthumb-interwork -mstructure-size-boundary=8 -ffreestanding -Wall   -g -mcpu=cortex-m3  -mthumb -mfpu=vfp -mthumb-interwork -mstructure-size-boundary=8 -ffreestanding   -g -mcpu=cortex-m3  -mthumb -mfpu=vfp -mthumb-interwork -mstructure-size-boundary=8 -ffreestanding -Wall  -Id:/sdk/uTenux/include -D_APP_AT91SAM3_ -D_CHIP_AT91SAM3S4C_ -DDEBUG   -Id:/sdk/uTenux/include -D_APP_AT91SAM3_ -D_CHIP_AT91SAM3S4C_ -DDEBUG  -Id:/sdk/uTenux/include -I../../src -I../../../cpu/src/sysdepend/cortex -I../../../device/src/sysdepend/app_at91sam3 -I../../../tstd/src -I../../../../config -I../../../cpu/src/sysdepend/cortex -D_APP_AT91SAM3_ -D_CHIP_AT91SAM3S4C_ -DDEBUG -c ../../src/mempool.c -o mempool.o
c:/uLoong/uT-Studio/v200/gcc/arm-none-eabi/bin/gcc -B c:/uLoong/uT-Studio/v200/gcc/lib/gcc/ -B c:/uLoong/uT-Studio/v200/gcc/arm-none-eabi/    -g -mcpu=cortex-m3  -mthumb -mfpu=vfp -mthumb-interwork -mstructure-size-boundary=8 -ffreestanding -Wall   -g -mcpu=cortex-m3  -mthumb -mfpu=vfp -mthumb-interwork -mstructure-size-boundary=8 -ffreestanding   -g -mcpu=cortex-m3  -mthumb -mfpu=vfp -mthumb-interwork -mstructure-size-boundary=8 -ffreestanding -Wall  -Id:/sdk/uTenux/include -D_APP_AT91SAM3_ -D_CHIP_AT91SAM3S4C_ -DDEBUG   -Id:/sdk/uTenux/include -D_APP_AT91SAM3_ -D_CHIP_AT91SAM3S4C_ -DDEBUG  -Id:/sdk/uTenux/include -I../../src -I../../../cpu/src/sysdepend/cortex -I../../../device/src/sysdepend/app_at91sam3 -I../../../tstd/src -I../../../../config -I../../../cpu/src/sysdepend/cortex -D_APP_AT91SAM3_ -D_CHIP_AT91SAM3S4C_ -DDEBUG -c ../../src/messagebuf.c -o messagebuf.o
c:/uLoong/uT-Studio/v200/gcc/arm-none-eabi/bin/gcc -B c:/uLoong/uT-Studio/v200/gcc/lib/gcc/ -B c:/uLoong/uT-Studio/v200/gcc/arm-none-eabi/    -g -mcpu=cortex-m3  -mthumb -mfpu=vfp -mthumb-interwork -mstructure-size-boundary=8 -ffreestanding -Wall   -g -mcpu=cortex-m3  -mthumb -mfpu=vfp -mthumb-interwork -mstructure-size-boundary=8 -ffreestanding   -g -mcpu=cortex-m3  -mthumb -mfpu=vfp -mthumb-interwork -mstructure-size-boundary=8 -ffreestanding -Wall  -Id:/sdk/uTenux/include -D_APP_AT91SAM3_ -D_CHIP_AT91SAM3S4C_ -DDEBUG   -Id:/sdk/uTenux/include -D_APP_AT91SAM3_ -D_CHIP_AT91SAM3S4C_ -DDEBUG  -Id:/sdk/uTenux/include -I../../src -I../../../cpu/src/sysdepend/cortex -I../../../device/src/sysdepend/app_at91sam3 -I../../../tstd/src -I../../../../config -I../../../cpu/src/sysdepend/cortex -D_APP_AT91SAM3_ -D_CHIP_AT91SAM3S4C_ -DDEBUG -c ../../src/misc_calls.c -o misc_calls.o
c:/uLoong/uT-Studio/v200/gcc/arm-none-eabi/bin/gcc -B c:/uLoong/uT-Studio/v200/gcc/lib/gcc/ -B c:/uLoong/uT-Studio/v200/gcc/arm-none-eabi/    -g -mcpu=cortex-m3  -mthumb -mfpu=vfp -mthumb-interwork -mstructure-size-boundary=8 -ffreestanding -Wall   -g -mcpu=cortex-m3  -mthumb -mfpu=vfp -mthumb-interwork -mstructure-size-boundary=8 -ffreestanding   -g -mcpu=cortex-m3  -mthumb -mfpu=vfp -mthumb-interwork -mstructure-size-boundary=8 -ffreestanding -Wall  -Id:/sdk/uTenux/include -D_APP_AT91SAM3_ -D_CHIP_AT91SAM3S4C_ -DDEBUG   -Id:/sdk/uTenux/include -D_APP_AT91SAM3_ -D_CHIP_AT91SAM3S4C_ -DDEBUG  -Id:/sdk/uTenux/include -I../../src -I../../../cpu/src/sysdepend/cortex -I../../../device/src/sysdepend/app_at91sam3 -I../../../tstd/src -I../../../../config -I../../../cpu/src/sysdepend/cortex -D_APP_AT91SAM3_ -D_CHIP_AT91SAM3S4C_ -DDEBUG -c ../../src/mutex.c -o mutex.o
c:/uLoong/uT-Studio/v200/gcc/arm-none-eabi/bin/gcc -B c:/uLoong/uT-Studio/v200/gcc/lib/gcc/ -B c:/uLoong/uT-Studio/v200/gcc/arm-none-eabi/    -g -mcpu=cortex-m3  -mthumb -mfpu=vfp -mthumb-interwork -mstructure-size-boundary=8 -ffreestanding -Wall   -g -mcpu=cortex-m3  -mthumb -mfpu=vfp -mthumb-interwork -mstructure-size-boundary=8 -ffreestanding   -g -mcpu=cortex-m3  -mthumb -mfpu=vfp -mthumb-interwork -mstructure-size-boundary=8 -ffreestanding -Wall  -Id:/sdk/uTenux/include -D_APP_AT91SAM3_ -D_CHIP_AT91SAM3S4C_ -DDEBUG   -Id:/sdk/uTenux/include -D_APP_AT91SAM3_ -D_CHIP_AT91SAM3S4C_ -DDEBUG  -Id:/sdk/uTenux/include -I../../src -I../../../cpu/src/sysdepend/cortex -I../../../device/src/sysdepend/app_at91sam3 -I../../../tstd/src -I../../../../config -I../../../cpu/src/sysdepend/cortex -D_APP_AT91SAM3_ -D_CHIP_AT91SAM3S4C_ -DDEBUG -c ../../src/objname.c -o objname.o
c:/uLoong/uT-Studio/v200/gcc/arm-none-eabi/bin/gcc -B c:/uLoong/uT-Studio/v200/gcc/lib/gcc/ -B c:/uLoong/uT-Studio/v200/gcc/arm-none-eabi/    -g -mcpu=cortex-m3  -mthumb -mfpu=vfp -mthumb-interwork -mstructure-size-boundary=8 -ffreestanding -Wall   -g -mcpu=cortex-m3  -mthumb -mfpu=vfp -mthumb-interwork -mstructure-size-boundary=8 -ffreestanding   -g -mcpu=cortex-m3  -mthumb -mfpu=vfp -mthumb-interwork -mstructure-size-boundary=8 -ffreestanding -Wall  -Id:/sdk/uTenux/include -D_APP_AT91SAM3_ -D_CHIP_AT91SAM3S4C_ -DDEBUG   -Id:/sdk/uTenux/include -D_APP_AT91SAM3_ -D_CHIP_AT91SAM3S4C_ -DDEBUG  -Id:/sdk/uTenux/include -I../../src -I../../../cpu/src/sysdepend/cortex -I../../../device/src/sysdepend/app_at91sam3 -I../../../tstd/src -I../../../../config -I../../../cpu/src/sysdepend/cortex -D_APP_AT91SAM3_ -D_CHIP_AT91SAM3S4C_ -DDEBUG -c ../../src/rendezvous.c -o rendezvous.o
c:/uLoong/uT-Studio/v200/gcc/arm-none-eabi/bin/gcc -B c:/uLoong/uT-Studio/v200/gcc/lib/gcc/ -B c:/uLoong/uT-Studio/v200/gcc/arm-none-eabi/    -g -mcpu=cortex-m3  -mthumb -mfpu=vfp -mthumb-interwork -mstructure-size-boundary=8 -ffreestanding -Wall   -g -mcpu=cortex-m3  -mthumb -mfpu=vfp -mthumb-interwork -mstructure-size-boundary=8 -ffreestanding   -g -mcpu=cortex-m3  -mthumb -mfpu=vfp -mthumb-interwork -mstructure-size-boundary=8 -ffreestanding -Wall  -Id:/sdk/uTenux/include -D_APP_AT91SAM3_ -D_CHIP_AT91SAM3S4C_ -DDEBUG   -Id:/sdk/uTenux/include -D_APP_AT91SAM3_ -D_CHIP_AT91SAM3S4C_ -DDEBUG  -Id:/sdk/uTenux/include -I../../src -I../../../cpu/src/sysdepend/cortex -I../../../device/src/sysdepend/app_at91sam3 -I../../../tstd/src -I../../../../config -I../../../cpu/src/sysdepend/cortex -D_APP_AT91SAM3_ -D_CHIP_AT91SAM3S4C_ -DDEBUG -c ../../src/semaphore.c -o semaphore.o
c:/uLoong/uT-Studio/v200/gcc/arm-none-eabi/bin/gcc -B c:/uLoong/uT-Studio/v200/gcc/lib/gcc/ -B c:/uLoong/uT-Studio/v200/gcc/arm-none-eabi/    -g -mcpu=cortex-m3  -mthumb -mfpu=vfp -mthumb-interwork -mstructure-size-boundary=8 -ffreestanding -Wall   -g -mcpu=cortex-m3  -mthumb -mfpu=vfp -mthumb-interwork -mstructure-size-boundary=8 -ffreestanding   -g -mcpu=cortex-m3  -mthumb -mfpu=vfp -mthumb-interwork -mstructure-size-boundary=8 -ffreestanding -Wall  -Id:/sdk/uTenux/include -D_APP_AT91SAM3_ -D_CHIP_AT91SAM3S4C_ -DDEBUG   -Id:/sdk/uTenux/include -D_APP_AT91SAM3_ -D_CHIP_AT91SAM3S4C_ -DDEBUG  -Id:/sdk/uTenux/include -I../../src -I../../../cpu/src/sysdepend/cortex -I../../../device/src/sysdepend/app_at91sam3 -I../../../tstd/src -I../../../../config -I../../../cpu/src/sysdepend/cortex -D_APP_AT91SAM3_ -D_CHIP_AT91SAM3S4C_ -DDEBUG -c ../../src/task_manage.c -o task_manage.o
c:/uLoong/uT-Studio/v200/gcc/arm-none-eabi/bin/gcc -B c:/uLoong/uT-Studio/v200/gcc/lib/gcc/ -B c:/uLoong/uT-Studio/v200/gcc/arm-none-eabi/    -g -mcpu=cortex-m3  -mthumb -mfpu=vfp -mthumb-interwork -mstructure-size-boundary=8 -ffreestanding -Wall   -g -mcpu=cortex-m3  -mthumb -mfpu=vfp -mthumb-interwork -mstructure-size-boundary=8 -ffreestanding   -g -mcpu=cortex-m3  -mthumb -mfpu=vfp -mthumb-interwork -mstructure-size-boundary=8 -ffreestanding -Wall  -Id:/sdk/uTenux/include -D_APP_AT91SAM3_ -D_CHIP_AT91SAM3S4C_ -DDEBUG   -Id:/sdk/uTenux/include -D_APP_AT91SAM3_ -D_CHIP_AT91SAM3S4C_ -DDEBUG  -Id:/sdk/uTenux/include -I../../src -I../../../cpu/src/sysdepend/cortex -I../../../device/src/sysdepend/app_at91sam3 -I../../../tstd/src -I../../../../config -I../../../cpu/src/sysdepend/cortex -D_APP_AT91SAM3_ -D_CHIP_AT91SAM3S4C_ -DDEBUG -c ../../src/task_sync.c -o task_sync.o
c:/uLoong/uT-Studio/v200/gcc/arm-none-eabi/bin/gcc -B c:/uLoong/uT-Studio/v200/gcc/lib/gcc/ -B c:/uLoong/uT-Studio/v200/gcc/arm-none-eabi/    -g -mcpu=cortex-m3  -mthumb -mfpu=vfp -mthumb-interwork -mstructure-size-boundary=8 -ffreestanding -Wall   -g -mcpu=cortex-m3  -mthumb -mfpu=vfp -mthumb-interwork -mstructure-size-boundary=8 -ffreestanding   -g -mcpu=cortex-m3  -mthumb -mfpu=vfp -mthumb-interwork -mstructure-size-boundary=8 -ffreestanding -Wall  -Id:/sdk/uTenux/include -D_APP_AT91SAM3_ -D_CHIP_AT91SAM3S4C_ -DDEBUG   -Id:/sdk/uTenux/include -D_APP_AT91SAM3_ -D_CHIP_AT91SAM3S4C_ -DDEBUG  -Id:/sdk/uTenux/include -I../../src -I../../../cpu/src/sysdepend/cortex -I../../../device/src/sysdepend/app_at91sam3 -I../../../tstd/src -I../../../../config -I../../../cpu/src/sysdepend/cortex -D_APP_AT91SAM3_ -D_CHIP_AT91SAM3S4C_ -DDEBUG -c ../../src/task.c -o task.o
c:/uLoong/uT-Studio/v200/gcc/arm-none-eabi/bin/gcc -B c:/uLoong/uT-Studio/v200/gcc/lib/gcc/ -B c:/uLoong/uT-Studio/v200/gcc/arm-none-eabi/    -g -mcpu=cortex-m3  -mthumb -mfpu=vfp -mthumb-interwork -mstructure-size-boundary=8 -ffreestanding -Wall   -g -mcpu=cortex-m3  -mthumb -mfpu=vfp -mthumb-interwork -mstructure-size-boundary=8 -ffreestanding   -g -mcpu=cortex-m3  -mthumb -mfpu=vfp -mthumb-interwork -mstructure-size-boundary=8 -ffreestanding -Wall  -Id:/sdk/uTenux/include -D_APP_AT91SAM3_ -D_CHIP_AT91SAM3S4C_ -DDEBUG   -Id:/sdk/uTenux/include -D_APP_AT91SAM3_ -D_CHIP_AT91SAM3S4C_ -DDEBUG  -Id:/sdk/uTenux/include -I../../src -I../../../cpu/src/sysdepend/cortex -I../../../device/src/sysdepend/app_at91sam3 -I../../../tstd/src -I../../../../config -I../../../cpu/src/sysdepend/cortex -D_APP_AT91SAM3_ -D_CHIP_AT91SAM3S4C_ -DDEBUG -c ../../src/time_calls.c -o time_calls.o
c:/uLoong/uT-Studio/v200/gcc/arm-none-eabi/bin/gcc -B c:/uLoong/uT-Studio/v200/gcc/lib/gcc/ -B c:/uLoong/uT-Studio/v200/gcc/arm-none-eabi/    -g -mcpu=cortex-m3  -mthumb -mfpu=vfp -mthumb-interwork -mstructure-size-boundary=8 -ffreestanding -Wall   -g -mcpu=cortex-m3  -mthumb -mfpu=vfp -mthumb-interwork -mstructure-size-boundary=8 -ffreestanding   -g -mcpu=cortex-m3  -mthumb -mfpu=vfp -mthumb-interwork -mstructure-size-boundary=8 -ffreestanding -Wall  -Id:/sdk/uTenux/include -D_APP_AT91SAM3_ -D_CHIP_AT91SAM3S4C_ -DDEBUG   -Id:/sdk/uTenux/include -D_APP_AT91SAM3_ -D_CHIP_AT91SAM3S4C_ -DDEBUG  -Id:/sdk/uTenux/include -I../../src -I../../../cpu/src/sysdepend/cortex -I../../../device/src/sysdepend/app_at91sam3 -I../../../tstd/src -I../../../../config -I../../../cpu/src/sysdepend/cortex -D_APP_AT91SAM3_ -D_CHIP_AT91SAM3S4C_ -DDEBUG -c ../../src/timer.c -o timer.o
c:/uLoong/uT-Studio/v200/gcc/arm-none-eabi/bin/gcc -B c:/uLoong/uT-Studio/v200/gcc/lib/gcc/ -B c:/uLoong/uT-Studio/v200/gcc/arm-none-eabi/    -g -mcpu=cortex-m3  -mthumb -mfpu=vfp -mthumb-interwork -mstructure-size-boundary=8 -ffreestanding -Wall   -g -mcpu=cortex-m3  -mthumb -mfpu=vfp -mthumb-interwork -mstructure-size-boundary=8 -ffreestanding   -g -mcpu=cortex-m3  -mthumb -mfpu=vfp -mthumb-interwork -mstructure-size-boundary=8 -ffreestanding -Wall  -Id:/sdk/uTenux/include -D_APP_AT91SAM3_ -D_CHIP_AT91SAM3S4C_ -DDEBUG   -Id:/sdk/uTenux/include -D_APP_AT91SAM3_ -D_CHIP_AT91SAM3S4C_ -DDEBUG  -Id:/sdk/uTenux/include -I../../src -I../../../cpu/src/sysdepend/cortex -I../../../device/src/sysdepend/app_at91sam3 -I../../../tstd/src -I../../../../config -I../../../cpu/src/sysdepend/cortex -D_APP_AT91SAM3_ -D_CHIP_AT91SAM3S4C_ -DDEBUG -c ../../src/tkstart.c -o tkstart.o
c:/uLoong/uT-Studio/v200/gcc/arm-none-eabi/bin/gcc -B c:/uLoong/uT-Studio/v200/gcc/lib/gcc/ -B c:/uLoong/uT-Studio/v200/gcc/arm-none-eabi/    -g -mcpu=cortex-m3  -mthumb -mfpu=vfp -mthumb-interwork -mstructure-size-boundary=8 -ffreestanding -Wall   -g -mcpu=cortex-m3  -mthumb -mfpu=vfp -mthumb-interwork -mstructure-size-boundary=8 -ffreestanding   -g -mcpu=cortex-m3  -mthumb -mfpu=vfp -mthumb-interwork -mstructure-size-boundary=8 -ffreestanding -Wall  -Id:/sdk/uTenux/include -D_APP_AT91SAM3_ -D_CHIP_AT91SAM3S4C_ -DDEBUG   -Id:/sdk/uTenux/include -D_APP_AT91SAM3_ -D_CHIP_AT91SAM3S4C_ -DDEBUG  -Id:/sdk/uTenux/include -I../../src -I../../../cpu/src/sysdepend/cortex -I../../../device/src/sysdepend/app_at91sam3 -I../../../tstd/src -I../../../../config -I../../../cpu/src/sysdepend/cortex -D_APP_AT91SAM3_ -D_CHIP_AT91SAM3S4C_ -DDEBUG -c ../../src/wait.c -o wait.o
c:/uLoong/uT-Studio/v200/gcc/arm-none-eabi/bin/ar rv libtkernel.a eventflag.o klock.o mailbox.o memory.o mempfix.o mempool.o messagebuf.o misc_calls.o mutex.o objname.o rendezvous.o semaphore.o task_manage.o task_sync.o task.o time_calls.o timer.o tkstart.o wait.o
a - eventflag.o
a - klock.o
a - mailbox.o
a - memory.o
a - mempfix.o
a - mempool.o
a - messagebuf.o
a - misc_calls.o
a - mutex.o
a - objname.o
a - rendezvous.o
a - semaphore.o
a - task_manage.o
a - task_sync.o
a - task.o
a - time_calls.o
a - timer.o
a - tkstart.o
a - wait.o
c:/uLoong/uT-Studio/v200/gcc/arm-none-eabi/bin/ranlib libtkernel.a
make[2]: Leaving directory `/d/sdk/uTenux/kernel/tkernel/build/app_at91sam3'
makei[2]: Entering directory `/d/sdk/uTenux/kernel/tkernel/build/app_at91sam3'
d:/sdk/uTenux/etc/backup_copy -t libtkernel.a d:/sdk/uTenux/kernel/build/app_at91sam3
libtkernel.a -> d:/sdk/uTenux/kernel/build/app_at91sam3/libtkernel.a
makei[2]: Leaving directory `/d/sdk/uTenux/kernel/tkernel/build/app_at91sam3'
cd ../../tstd/build/app_at91sam3 ; \
	make ; \
	makei install
make[2]: Entering directory `/d/sdk/uTenux/kernel/tstd/build/app_at91sam3'
touch Dependencies
make[2]: Leaving directory `/d/sdk/uTenux/kernel/tstd/build/app_at91sam3'
make[2]: Entering directory `/d/sdk/uTenux/kernel/tstd/build/app_at91sam3'
c:/uLoong/uT-Studio/v200/gcc/arm-none-eabi/bin/gcc -B c:/uLoong/uT-Studio/v200/gcc/lib/gcc/ -B c:/uLoong/uT-Studio/v200/gcc/arm-none-eabi/    -g -mcpu=cortex-m3  -mthumb -mfpu=vfp -mthumb-interwork -mstructure-size-boundary=8 -ffreestanding -Wall   -g -mcpu=cortex-m3  -mthumb -mfpu=vfp -mthumb-interwork -mstructure-size-boundary=8 -ffreestanding   -g -mcpu=cortex-m3  -mthumb -mfpu=vfp -mthumb-interwork -mstructure-size-boundary=8 -ffreestanding -Wall  -Id:/sdk/uTenux/include -D_APP_AT91SAM3_ -D_CHIP_AT91SAM3S4C_ -DDEBUG   -Id:/sdk/uTenux/include -D_APP_AT91SAM3_ -D_CHIP_AT91SAM3S4C_ -DDEBUG  -Id:/sdk/uTenux/include -I../../src -I../../../../config -D_APP_AT91SAM3_ -D_CHIP_AT91SAM3S4C_ -DDEBUG -c ../../src/bitop.c -o bitop.o
c:/uLoong/uT-Studio/v200/gcc/arm-none-eabi/bin/ar rv libtstd.a bitop.o
a - bitop.o
c:/uLoong/uT-Studio/v200/gcc/arm-none-eabi/bin/ranlib libtstd.a
make[2]: Leaving directory `/d/sdk/uTenux/kernel/tstd/build/app_at91sam3'
makei[2]: Entering directory `/d/sdk/uTenux/kernel/tstd/build/app_at91sam3'
d:/sdk/uTenux/etc/backup_copy -t libtstd.a d:/sdk/uTenux/kernel/build/app_at91sam3
libtstd.a -> d:/sdk/uTenux/kernel/build/app_at91sam3/libtstd.a
makei[2]: Leaving directory `/d/sdk/uTenux/kernel/tstd/build/app_at91sam3'
cd ../../cpu/build/at91sam3 ; \
	make ; \
	makei install
make[2]: Entering directory `/d/sdk/uTenux/kernel/cpu/build/at91sam3'
touch Dependencies
make[2]: Leaving directory `/d/sdk/uTenux/kernel/cpu/build/at91sam3'
make[2]: Entering directory `/d/sdk/uTenux/kernel/cpu/build/at91sam3'
c:/uLoong/uT-Studio/v200/gcc/arm-none-eabi/bin/gcc -B c:/uLoong/uT-Studio/v200/gcc/lib/gcc/ -B c:/uLoong/uT-Studio/v200/gcc/arm-none-eabi/    -g -mcpu=cortex-m3  -mthumb -mfpu=vfp -mthumb-interwork -mstructure-size-boundary=8 -ffreestanding -Wall   -g -mcpu=cortex-m3  -mthumb -mfpu=vfp -mthumb-interwork -mstructure-size-boundary=8 -ffreestanding   -g -mcpu=cortex-m3  -mthumb -mfpu=vfp -mthumb-interwork -mstructure-size-boundary=8 -ffreestanding -Wall  -Id:/sdk/uTenux/include -D_APP_AT91SAM3_ -D_CHIP_AT91SAM3S4C_ -DDEBUG   -Id:/sdk/uTenux/include -D_APP_AT91SAM3_ -D_CHIP_AT91SAM3S4C_ -DDEBUG  -Id:/sdk/uTenux/include -I../../src -I../../src/sysdepend/cortex -I../../../tstd/src -I../../../tkernel/src -I../../../device/src/sysdepend/app_at91sam3 -I../../../../config -D_APP_AT91SAM3_ -D_CHIP_AT91SAM3S4C_ -DDEBUG -c ../../src/sysdepend/cortex/cpu_init.c -o cpu_init.o
c:/uLoong/uT-Studio/v200/gcc/arm-none-eabi/bin/gcc -B c:/uLoong/uT-Studio/v200/gcc/lib/gcc/ -B c:/uLoong/uT-Studio/v200/gcc/arm-none-eabi/    -g -mcpu=cortex-m3  -mthumb -mfpu=vfp -mthumb-interwork   -g -mcpu=cortex-m3  -mthumb -mfpu=vfp -mthumb-interwork   -g -mcpu=cortex-m3  -mthumb -mfpu=vfp -mthumb-interwork  -Id:/sdk/uTenux/include -D_APP_AT91SAM3_ -D_CHIP_AT91SAM3S4C_ -DDEBUG   -Id:/sdk/uTenux/include -D_APP_AT91SAM3_ -D_CHIP_AT91SAM3S4C_ -DDEBUG  -Id:/sdk/uTenux/include -I../../src -I../../src/sysdepend/cortex -I../../../tstd/src -I../../../tkernel/src -I../../../device/src/sysdepend/app_at91sam3 -I../../../../config -D_APP_AT91SAM3_ -D_CHIP_AT91SAM3S4C_ -DDEBUG -c ../../src/sysdepend/cortex/cpu_support.S -o cpu_support.o
c:/uLoong/uT-Studio/v200/gcc/arm-none-eabi/bin/gcc -B c:/uLoong/uT-Studio/v200/gcc/lib/gcc/ -B c:/uLoong/uT-Studio/v200/gcc/arm-none-eabi/    -g -mcpu=cortex-m3  -mthumb -mfpu=vfp -mthumb-interwork -mstructure-size-boundary=8 -ffreestanding -Wall   -g -mcpu=cortex-m3  -mthumb -mfpu=vfp -mthumb-interwork -mstructure-size-boundary=8 -ffreestanding   -g -mcpu=cortex-m3  -mthumb -mfpu=vfp -mthumb-interwork -mstructure-size-boundary=8 -ffreestanding -Wall  -Id:/sdk/uTenux/include -D_APP_AT91SAM3_ -D_CHIP_AT91SAM3S4C_ -DDEBUG   -Id:/sdk/uTenux/include -D_APP_AT91SAM3_ -D_CHIP_AT91SAM3S4C_ -DDEBUG  -Id:/sdk/uTenux/include -I../../src -I../../src/sysdepend/cortex -I../../../tstd/src -I../../../tkernel/src -I../../../device/src/sysdepend/app_at91sam3 -I../../../../config -D_APP_AT91SAM3_ -D_CHIP_AT91SAM3S4C_ -DDEBUG -c ../../src/sysdepend/cortex/cpu_calls.c -o cpu_calls.o
c:/uLoong/uT-Studio/v200/gcc/arm-none-eabi/bin/ar rv libcpu.a cpu_init.o cpu_support.o cpu_calls.o
a - cpu_init.o
a - cpu_support.o
a - cpu_calls.o
c:/uLoong/uT-Studio/v200/gcc/arm-none-eabi/bin/ranlib libcpu.a
make[2]: Leaving directory `/d/sdk/uTenux/kernel/cpu/build/at91sam3'
makei[2]: Entering directory `/d/sdk/uTenux/kernel/cpu/build/at91sam3'
d:/sdk/uTenux/etc/backup_copy -t libcpu.a d:/sdk/uTenux/kernel/build/app_at91sam3
libcpu.a -> d:/sdk/uTenux/kernel/build/app_at91sam3/libcpu.a
makei[2]: Leaving directory `/d/sdk/uTenux/kernel/cpu/build/at91sam3'
make[1]: Leaving directory `/d/sdk/uTenux/kernel/build/app_at91sam3'
( cd d:/sdk/uTenux/app/build/app_at91sam3 ; make)
make[1]: Entering directory `/d/sdk/uTenux/app/build/app_at91sam3'
cd ../../usermain/build/app_at91sam3 ; \
	make ; \
	makei install 
make[2]: Entering directory `/d/sdk/uTenux/app/usermain/build/app_at91sam3'
touch Dependencies
make[2]: Leaving directory `/d/sdk/uTenux/app/usermain/build/app_at91sam3'
make[2]: Entering directory `/d/sdk/uTenux/app/usermain/build/app_at91sam3'
c:/uLoong/uT-Studio/v200/gcc/arm-none-eabi/bin/gcc -B c:/uLoong/uT-Studio/v200/gcc/lib/gcc/ -B c:/uLoong/uT-Studio/v200/gcc/arm-none-eabi/    -g -mcpu=cortex-m3  -mthumb -mfpu=vfp -mthumb-interwork -mstructure-size-boundary=8 -ffreestanding -Wall   -g -mcpu=cortex-m3  -mthumb -mfpu=vfp -mthumb-interwork -mstructure-size-boundary=8 -ffreestanding   -g -mcpu=cortex-m3  -mthumb -mfpu=vfp -mthumb-interwork -mstructure-size-boundary=8 -ffreestanding -Wall  -Id:/sdk/uTenux/include -D_APP_AT91SAM3_ -D_CHIP_AT91SAM3S4C_ -DDEBUG   -Id:/sdk/uTenux/include -D_APP_AT91SAM3_ -D_CHIP_AT91SAM3S4C_ -DDEBUG  -Id:/sdk/uTenux/include -I../../src -I../../../../config -D_APP_AT91SAM3_ -D_CHIP_AT91SAM3S4C_ -DDEBUG -c ../../src/usermain.c -o usermain.o
c:/uLoong/uT-Studio/v200/gcc/arm-none-eabi/bin/gcc -B c:/uLoong/uT-Studio/v200/gcc/lib/gcc/ -B c:/uLoong/uT-Studio/v200/gcc/arm-none-eabi/    -g -mcpu=cortex-m3  -mthumb -mfpu=vfp -mthumb-interwork -mstructure-size-boundary=8 -ffreestanding -Wall   -g -mcpu=cortex-m3  -mthumb -mfpu=vfp -mthumb-interwork -mstructure-size-boundary=8 -ffreestanding   -g -mcpu=cortex-m3  -mthumb -mfpu=vfp -mthumb-interwork -mstructure-size-boundary=8 -ffreestanding -Wall  -Id:/sdk/uTenux/include -D_APP_AT91SAM3_ -D_CHIP_AT91SAM3S4C_ -DDEBUG   -Id:/sdk/uTenux/include -D_APP_AT91SAM3_ -D_CHIP_AT91SAM3S4C_ -DDEBUG  -Id:/sdk/uTenux/include -I../../src -I../../../../config -D_APP_AT91SAM3_ -D_CHIP_AT91SAM3S4C_ -DDEBUG -c ../../src/inittask_def.c -o inittask_def.o
c:/uLoong/uT-Studio/v200/gcc/arm-none-eabi/bin/ar rv libusermain.a usermain.o inittask_def.o
a - usermain.o
a - inittask_def.o
c:/uLoong/uT-Studio/v200/gcc/arm-none-eabi/bin/ranlib libusermain.a
make[2]: Leaving directory `/d/sdk/uTenux/app/usermain/build/app_at91sam3'
makei[2]: Entering directory `/d/sdk/uTenux/app/usermain/build/app_at91sam3'
d:/sdk/uTenux/etc/backup_copy -t libusermain.a d:/sdk/uTenux/app/build/app_at91sam3
libusermain.a -> d:/sdk/uTenux/app/build/app_at91sam3/libusermain.a
d:/sdk/uTenux/etc/backup_copy -t inittask_def.o d:/sdk/uTenux/app/build/app_at91sam3
inittask_def.o -> d:/sdk/uTenux/app/build/app_at91sam3/inittask_def.o
makei[2]: Leaving directory `/d/sdk/uTenux/app/usermain/build/app_at91sam3'
make[1]: Leaving directory `/d/sdk/uTenux/app/build/app_at91sam3'
c:/uLoong/uT-Studio/v200/gcc/arm-none-eabi/bin/gcc -B c:/uLoong/uT-Studio/v200/gcc/lib/gcc/ -B c:/uLoong/uT-Studio/v200/gcc/arm-none-eabi/    -Ld:/sdk/uTenux/lib/build/app_at91sam3 -mcpu=cortex-m3  -mthumb -mfpu=vfp -mthumb-interwork -static -nostdlib -T chip_AT91SAM3S4C/kernel-ram.lnk -Ld:/sdk/uTenux/app/build/app_at91sam3 -Ld:/sdk/uTenux/kernel/build/app_at91sam3 -Ld:/sdk/uTenux/lib/build/app_at91sam3 -L./ d:/sdk/uTenux/app/build/app_at91sam3/inittask_def.o d:/sdk/uTenux/kernel/build/app_at91sam3/icrt0.o d:/sdk/uTenux/kernel/build/app_at91sam3/patch.o d:/sdk/uTenux/kernel/build/app_at91sam3/sysinit.o d:/sdk/uTenux/kernel/build/app_at91sam3/sysmain.o  -ltm -ltstd -ltk  -lcpu -ldevice -ltkernel -lsvc -lusermain -lstr   -ltm -ltstd -ltk  -lcpu -ldevice -ltkernel -lsvc -lusermain -lstr   -lgcc -o kernel-ram.sys
c:/uLoong/uT-Studio/v200/gcc/arm-none-eabi/bin/nm -n kernel-ram.sys >kernel-ram.map
c:/uLoong/uT-Studio/v200/gcc/bin/arm-none-eabi-objcopy -O srec --srec-forceS3 --srec-len 32 kernel-ram.sys kernel-ram.mot
c:/uLoong/uT-Studio/v200/gcc/arm-none-eabi/bin/gcc -B c:/uLoong/uT-Studio/v200/gcc/lib/gcc/ -B c:/uLoong/uT-Studio/v200/gcc/arm-none-eabi/    -Ld:/sdk/uTenux/lib/build/app_at91sam3 -mcpu=cortex-m3  -mthumb -mfpu=vfp -mthumb-interwork -static -nostdlib -T chip_AT91SAM3S4C/kernel-rom.lnk -Ld:/sdk/uTenux/app/build/app_at91sam3 -Ld:/sdk/uTenux/kernel/build/app_at91sam3 -Ld:/sdk/uTenux/lib/build/app_at91sam3 -L./ d:/sdk/uTenux/app/build/app_at91sam3/inittask_def.o d:/sdk/uTenux/kernel/build/app_at91sam3/icrt0.o d:/sdk/uTenux/kernel/build/app_at91sam3/patch.o d:/sdk/uTenux/kernel/build/app_at91sam3/sysinit.o d:/sdk/uTenux/kernel/build/app_at91sam3/sysmain.o  -ltm -ltstd -ltk  -lcpu -ldevice -ltkernel -lsvc -lusermain -lstr   -ltm -ltstd -ltk  -lcpu -ldevice -ltkernel -lsvc -lusermain -lstr   -lgcc -o kernel-rom.rom
c:/uLoong/uT-Studio/v200/gcc/arm-none-eabi/bin/nm -n kernel-rom.rom >kernel-rom.map
c:/uLoong/uT-Studio/v200/gcc/bin/arm-none-eabi-objcopy -O srec --srec-forceS3 --srec-len 32 kernel-rom.rom kernel-rom.mot
