cp   ../../../app/usermain/src/inittask_def.c
cp   ../../../app/usermain/src/inittask_def.h
cp   ../../../app/usermain/src/usermain.c
cp   ../../../bin/app_mc9s12/chip_mc9s12dp512/Sources/datapage.c
cp   ../../../bin/app_mc9s12/chip_mc9s12dp512/Sources/derivative.h
cp   ../../../bin/app_mc9s12/chip_mc9s12dp512/Sources/hidef.h
cp   ../../../bin/app_mc9s12/chip_mc9s12dp512/Sources/main.c
cp   ../../../bin/app_mc9s12/chip_mc9s12dp512/Sources/mc9s12dp512.c
cp   ../../../bin/app_mc9s12/chip_mc9s12dp512/Sources/mc9s12dp512.h
cp   ../../../bin/app_mc9s12/chip_mc9s12dp512/Sources/Start12.c
cp   ../../../bin/app_mpc56xx/chip_mpc5634m_mlqb80/src/Exceptions.c
cp   ../../../bin/app_mpc56xx/chip_mpc5634m_mlqb80/src/Exceptions.h
cp   ../../../bin/app_mpc56xx/chip_mpc5634m_mlqb80/src/IntcInterrupts.c
cp   ../../../bin/app_mpc56xx/chip_mpc5634m_mlqb80/src/IntcInterrupts.h
cp   ../../../bin/app_mpc56xx/chip_mpc5634m_mlqb80/src/main.c
cp   ../../../bin/app_mpc56xx/chip_mpc5634m_mlqb80/src/MPC55xx_init.c
cp   ../../../bin/app_mpc56xx/chip_mpc5634m_mlqb80/src/MPC55xx_init_debug.c
cp   ../../../bin/app_mpc56xx/chip_mpc5634m_mlqb80/src/MPC5634M_MLQB80.h
cp   ../../../bin/app_mpc56xx/chip_mpc5634m_mlqb80/src/MPC5634M_MLQB80_HWInit.c
cp   ../../../bin/app_mpc56xx/chip_mpc5634m_mlqb80/src/MPC5634M_MLQB80_HWInit.h
cp   ../../../bin/app_mpc56xx/chip_mpc5634m_mlqb80/src/typedefs.h
cp   ../../../bin/app_mpc56xx/chip_mpc5634m_mlqb80/src/__ppc_eabi_init.c
cp   ../../../bin/app_xc23xx/chip_xc2365b_40f/cstart.c
cp   ../../../bin/app_xc23xx/chip_xc2365b_40f/cstart.h
cp   ../../../config/config.h
cp   ../../../config/sysdepend/app_at91sam3/chip_at91sam3s4c/utk_config_depend.h
cp   ../../../config/sysdepend/app_at91sam3/utk_config_depend.h
cp   ../../../config/sysdepend/app_at91sam4/chip_at91sam4s16c/utk_config_depend.h
cp   ../../../config/sysdepend/app_at91sam4/utk_config_depend.h
cp   ../../../config/sysdepend/app_at91sam7/chip_at91sam7s256/utk_config_depend.h
cp   ../../../config/sysdepend/app_at91sam7/utk_config_depend.h
cp   ../../../config/sysdepend/app_efm32g/chip_efm32g890f128/utk_config_depend.h
cp   ../../../config/sysdepend/app_efm32g/utk_config_depend.h
cp   ../../../config/sysdepend/app_lm3s/chip_lm3s9b96/utk_config_depend.h
cp   ../../../config/sysdepend/app_lm3s/utk_config_depend.h
cp   ../../../config/sysdepend/app_lm4f/chip_lm4f232h5qd/utk_config_depend.h
cp   ../../../config/sysdepend/app_lm4f/utk_config_depend.h
cp   ../../../config/sysdepend/app_lpc17/chip_lpc1766/utk_config_depend.h
cp   ../../../config/sysdepend/app_lpc17/chip_lpc1788/utk_config_depend.h
cp   ../../../config/sysdepend/app_lpc17/utk_config_depend.h
cp   ../../../config/sysdepend/app_mb9bf5/chip_mb9bf506r/utk_config_depend.h
cp   ../../../config/sysdepend/app_mb9bf5/utk_config_depend.h
cp   ../../../config/sysdepend/app_mc9s12/chip_mc9s12dp512/utk_config_depend.h
cp   ../../../config/sysdepend/app_mc9s12/utk_config_depend.h
cp   ../../../config/sysdepend/app_mk60/chip_mk60n512vmd100/utk_config_depend.h
cp   ../../../config/sysdepend/app_mk60/utk_config_depend.h
cp   ../../../config/sysdepend/app_mpc56xx/chip_mpc5634m_mlqb80/utk_config_depend.h
cp   ../../../config/sysdepend/app_mpc56xx/utk_config_depend.h
cp   ../../../config/sysdepend/app_sim3/chip_sim3x16x/utk_config_depend.h
cp   ../../../config/sysdepend/app_sim3/utk_config_depend.h
cp   ../../../config/sysdepend/app_stm32f1/chip_stm32f103ve/utk_config_depend.h
cp   ../../../config/sysdepend/app_stm32f1/chip_stm32f103ze/utk_config_depend.h
cp   ../../../config/sysdepend/app_stm32f1/chip_stm32f107vc/utk_config_depend.h
cp   ../../../config/sysdepend/app_stm32f1/utk_config_depend.h
cp   ../../../config/sysdepend/app_stm32f4/chip_stm32f407ig/utk_config_depend.h
cp   ../../../config/sysdepend/app_stm32f4/utk_config_depend.h
cp   ../../../config/sysdepend/app_xc23xx/chip_xc2365b_40f/utk_config_depend.h
cp   ../../../config/sysdepend/app_xc23xx/utk_config_depend.h
cp   ../../../config/sysdepend/app_xmc4000/chip_xmc4500x144x1024/utk_config_depend.h
cp   ../../../config/sysdepend/app_xmc4000/utk_config_depend.h
cp   ../../../config/tdsvcproxy.h
cp   ../../../config/tksvcproxy.h
cp   ../../../config/utk_config.h
cp   ../../../config/utk_config_func.h
cp   ../../../include/basic.h
cp   ../../../include/libstr.h
cp   ../../../include/machine.h
cp   ../../../include/stddef.h
cp   ../../../include/stdtype.h
cp   ../../../include/sys/debug.h
cp   ../../../include/sys/imalloc.h
cp   ../../../include/sys/queue.h
cp   ../../../include/sys/str_align.h
cp   ../../../include/sys/svc/tdfncd.h
cp   ../../../include/sys/svc/tdsvctbl.h
cp   ../../../include/sys/svc/tkfncd.h
cp   ../../../include/sys/svc/tksvctbl.h
cp   ../../../include/sys/sysdepend/app_at91sam3/machine_depend.h
cp   ../../../include/sys/sysdepend/app_at91sam3/str_align_depend.h
cp   ../../../include/sys/sysdepend/app_at91sam3/sysinfo_depend.h
cp   ../../../include/sys/sysdepend/app_at91sam4/machine_depend.h
cp   ../../../include/sys/sysdepend/app_at91sam4/str_align_depend.h
cp   ../../../include/sys/sysdepend/app_at91sam4/sysinfo_depend.h
cp   ../../../include/sys/sysdepend/app_at91sam7/machine_depend.h
cp   ../../../include/sys/sysdepend/app_at91sam7/str_align_depend.h
cp   ../../../include/sys/sysdepend/app_at91sam7/sysinfo_depend.h
cp   ../../../include/sys/sysdepend/app_efm32g/machine_depend.h
cp   ../../../include/sys/sysdepend/app_efm32g/str_align_depend.h
cp   ../../../include/sys/sysdepend/app_efm32g/sysinfo_depend.h
cp   ../../../include/sys/sysdepend/app_lm3s/machine_depend.h
cp   ../../../include/sys/sysdepend/app_lm3s/str_align_depend.h
cp   ../../../include/sys/sysdepend/app_lm3s/sysinfo_depend.h
cp   ../../../include/sys/sysdepend/app_lm4f/machine_depend.h
cp   ../../../include/sys/sysdepend/app_lm4f/str_align_depend.h
cp   ../../../include/sys/sysdepend/app_lm4f/sysinfo_depend.h
cp   ../../../include/sys/sysdepend/app_lpc17/machine_depend.h
cp   ../../../include/sys/sysdepend/app_lpc17/str_align_depend.h
cp   ../../../include/sys/sysdepend/app_lpc17/sysinfo_depend.h
cp   ../../../include/sys/sysdepend/app_mb9bf5/machine_depend.h
cp   ../../../include/sys/sysdepend/app_mb9bf5/str_align_depend.h
cp   ../../../include/sys/sysdepend/app_mb9bf5/sysinfo_depend.h
cp   ../../../include/sys/sysdepend/app_mc9s12/machine_depend.h
cp   ../../../include/sys/sysdepend/app_mc9s12/str_align_depend.h
cp   ../../../include/sys/sysdepend/app_mc9s12/sysinfo_depend.h
cp   ../../../include/sys/sysdepend/app_mk60/machine_depend.h
cp   ../../../include/sys/sysdepend/app_mk60/str_align_depend.h
cp   ../../../include/sys/sysdepend/app_mk60/sysinfo_depend.h
cp   ../../../include/sys/sysdepend/app_mpc56xx/machine_depend.h
cp   ../../../include/sys/sysdepend/app_mpc56xx/str_align_depend.h
cp   ../../../include/sys/sysdepend/app_mpc56xx/sysinfo_depend.h
cp   ../../../include/sys/sysdepend/app_sim3/machine_depend.h
cp   ../../../include/sys/sysdepend/app_sim3/str_align_depend.h
cp   ../../../include/sys/sysdepend/app_sim3/sysinfo_depend.h
cp   ../../../include/sys/sysdepend/app_stm32f1/machine_depend.h
cp   ../../../include/sys/sysdepend/app_stm32f1/str_align_depend.h
cp   ../../../include/sys/sysdepend/app_stm32f1/sysinfo_depend.h
cp   ../../../include/sys/sysdepend/app_stm32f4/machine_depend.h
cp   ../../../include/sys/sysdepend/app_stm32f4/str_align_depend.h
cp   ../../../include/sys/sysdepend/app_stm32f4/sysinfo_depend.h
cp   ../../../include/sys/sysdepend/app_xc23xx/machine_depend.h
cp   ../../../include/sys/sysdepend/app_xc23xx/str_align_depend.h
cp   ../../../include/sys/sysdepend/app_xc23xx/sysinfo_depend.h
cp   ../../../include/sys/sysdepend/app_xmc4000/machine_depend.h
cp   ../../../include/sys/sysdepend/app_xmc4000/str_align_depend.h
cp   ../../../include/sys/sysdepend/app_xmc4000/sysinfo_depend.h
cp   ../../../include/sys/sysdepend/machine_common.h
cp   ../../../include/sys/sysdepend/machine_depend.h
cp   ../../../include/sys/sysdepend/str_align_common.h
cp   ../../../include/sys/sysdepend/sysinfo_common.h
cp   ../../../include/sys/sysinfo.h
cp   ../../../include/tk/asm.h
cp   ../../../include/tk/dbgspt.h
cp   ../../../include/tk/errno.h
cp   ../../../include/tk/syscall.h
cp   ../../../include/tk/sysdef.h
cp   ../../../include/tk/sysdepend/app_at91sam3/asm_depend.h
cp   ../../../include/tk/sysdepend/app_at91sam3/chip_at91sam3s4c/sysdef_depend.h
cp   ../../../include/tk/sysdepend/app_at91sam3/cpuattr.h
cp   ../../../include/tk/sysdepend/app_at91sam3/cpudef.h
cp   ../../../include/tk/sysdepend/app_at91sam3/dbgspt_depend.h
cp   ../../../include/tk/sysdepend/app_at91sam3/sysdef_depend.h
cp   ../../../include/tk/sysdepend/app_at91sam3/syslib_depend.h
cp   ../../../include/tk/sysdepend/app_at91sam4/asm_depend.h
cp   ../../../include/tk/sysdepend/app_at91sam4/chip_at91sam4s16c/sysdef_depend.h
cp   ../../../include/tk/sysdepend/app_at91sam4/cpuattr.h
cp   ../../../include/tk/sysdepend/app_at91sam4/cpudef.h
cp   ../../../include/tk/sysdepend/app_at91sam4/dbgspt_depend.h
cp   ../../../include/tk/sysdepend/app_at91sam4/sysdef_depend.h
cp   ../../../include/tk/sysdepend/app_at91sam4/syslib_depend.h
cp   ../../../include/tk/sysdepend/app_at91sam7/asm_depend.h
cp   ../../../include/tk/sysdepend/app_at91sam7/chip_at91sam7s256/sysdef_depend.h
cp   ../../../include/tk/sysdepend/app_at91sam7/cpuattr.h
cp   ../../../include/tk/sysdepend/app_at91sam7/cpudef.h
cp   ../../../include/tk/sysdepend/app_at91sam7/dbgspt_depend.h
cp   ../../../include/tk/sysdepend/app_at91sam7/sysdef_depend.h
cp   ../../../include/tk/sysdepend/app_at91sam7/syslib_depend.h
cp   ../../../include/tk/sysdepend/app_efm32g/asm_depend.h
cp   ../../../include/tk/sysdepend/app_efm32g/chip_efm32g890f128/sysdef_depend.h
cp   ../../../include/tk/sysdepend/app_efm32g/cpuattr.h
cp   ../../../include/tk/sysdepend/app_efm32g/cpudef.h
cp   ../../../include/tk/sysdepend/app_efm32g/dbgspt_depend.h
cp   ../../../include/tk/sysdepend/app_efm32g/sysdef_depend.h
cp   ../../../include/tk/sysdepend/app_efm32g/syslib_depend.h
cp   ../../../include/tk/sysdepend/app_lm3s/asm_depend.h
cp   ../../../include/tk/sysdepend/app_lm3s/chip_lm3s9b96/sysdef_depend.h
cp   ../../../include/tk/sysdepend/app_lm3s/cpuattr.h
cp   ../../../include/tk/sysdepend/app_lm3s/cpudef.h
cp   ../../../include/tk/sysdepend/app_lm3s/dbgspt_depend.h
cp   ../../../include/tk/sysdepend/app_lm3s/sysdef_depend.h
cp   ../../../include/tk/sysdepend/app_lm3s/syslib_depend.h
cp   ../../../include/tk/sysdepend/app_lm4f/asm_depend.h
cp   ../../../include/tk/sysdepend/app_lm4f/chip_lm4f232h5qd/sysdef_depend.h
cp   ../../../include/tk/sysdepend/app_lm4f/cpuattr.h
cp   ../../../include/tk/sysdepend/app_lm4f/cpudef.h
cp   ../../../include/tk/sysdepend/app_lm4f/dbgspt_depend.h
cp   ../../../include/tk/sysdepend/app_lm4f/sysdef_depend.h
cp   ../../../include/tk/sysdepend/app_lm4f/syslib_depend.h
cp   ../../../include/tk/sysdepend/app_lpc17/asm_depend.h
cp   ../../../include/tk/sysdepend/app_lpc17/chip_lpc1766/sysdef_depend.h
cp   ../../../include/tk/sysdepend/app_lpc17/chip_lpc1788/sysdef_depend.h
cp   ../../../include/tk/sysdepend/app_lpc17/cpuattr.h
cp   ../../../include/tk/sysdepend/app_lpc17/cpudef.h
cp   ../../../include/tk/sysdepend/app_lpc17/dbgspt_depend.h
cp   ../../../include/tk/sysdepend/app_lpc17/sysdef_depend.h
cp   ../../../include/tk/sysdepend/app_lpc17/syslib_depend.h
cp   ../../../include/tk/sysdepend/app_mb9bf5/asm_depend.h
cp   ../../../include/tk/sysdepend/app_mb9bf5/chip_mb9bf506r/sysdef_depend.h
cp   ../../../include/tk/sysdepend/app_mb9bf5/cpuattr.h
cp   ../../../include/tk/sysdepend/app_mb9bf5/cpudef.h
cp   ../../../include/tk/sysdepend/app_mb9bf5/dbgspt_depend.h
cp   ../../../include/tk/sysdepend/app_mb9bf5/sysdef_depend.h
cp   ../../../include/tk/sysdepend/app_mb9bf5/syslib_depend.h
cp   ../../../include/tk/sysdepend/app_mc9s12/asm_depend.h
cp   ../../../include/tk/sysdepend/app_mc9s12/chip_mc9s12dp512/sysdef_depend.h
cp   ../../../include/tk/sysdepend/app_mc9s12/cpuattr.h
cp   ../../../include/tk/sysdepend/app_mc9s12/cpudef.h
cp   ../../../include/tk/sysdepend/app_mc9s12/dbgspt_depend.h
cp   ../../../include/tk/sysdepend/app_mc9s12/sysdef_depend.h
cp   ../../../include/tk/sysdepend/app_mc9s12/syslib_depend.h
cp   ../../../include/tk/sysdepend/app_mk60/asm_depend.h
cp   ../../../include/tk/sysdepend/app_mk60/chip_mk60n512vmd100/sysdef_depend.h
cp   ../../../include/tk/sysdepend/app_mk60/cpuattr.h
cp   ../../../include/tk/sysdepend/app_mk60/cpudef.h
cp   ../../../include/tk/sysdepend/app_mk60/dbgspt_depend.h
cp   ../../../include/tk/sysdepend/app_mk60/sysdef_depend.h
cp   ../../../include/tk/sysdepend/app_mk60/syslib_depend.h
cp   ../../../include/tk/sysdepend/app_mpc56xx/asm_depend.h
cp   ../../../include/tk/sysdepend/app_mpc56xx/chip_mpc5634m_mlqb80/sysdef_depend.h
cp   ../../../include/tk/sysdepend/app_mpc56xx/cpuattr.h
cp   ../../../include/tk/sysdepend/app_mpc56xx/cpudef.h
cp   ../../../include/tk/sysdepend/app_mpc56xx/dbgspt_depend.h
cp   ../../../include/tk/sysdepend/app_mpc56xx/sysdef_depend.h
cp   ../../../include/tk/sysdepend/app_mpc56xx/syslib_depend.h
cp   ../../../include/tk/sysdepend/app_sim3/asm_depend.h
cp   ../../../include/tk/sysdepend/app_sim3/chip_sim3x16x/sysdef_depend.h
cp   ../../../include/tk/sysdepend/app_sim3/cpuattr.h
cp   ../../../include/tk/sysdepend/app_sim3/cpudef.h
cp   ../../../include/tk/sysdepend/app_sim3/dbgspt_depend.h
cp   ../../../include/tk/sysdepend/app_sim3/sysdef_depend.h
cp   ../../../include/tk/sysdepend/app_sim3/syslib_depend.h
cp   ../../../include/tk/sysdepend/app_stm32f1/asm_depend.h
cp   ../../../include/tk/sysdepend/app_stm32f1/chip_stm32f103ve/sysdef_depend.h
cp   ../../../include/tk/sysdepend/app_stm32f1/chip_stm32f103ze/sysdef_depend.h
cp   ../../../include/tk/sysdepend/app_stm32f1/chip_stm32f107vc/sysdef_depend.h
cp   ../../../include/tk/sysdepend/app_stm32f1/cpuattr.h
cp   ../../../include/tk/sysdepend/app_stm32f1/cpudef.h
cp   ../../../include/tk/sysdepend/app_stm32f1/dbgspt_depend.h
cp   ../../../include/tk/sysdepend/app_stm32f1/sysdef_depend.h
cp   ../../../include/tk/sysdepend/app_stm32f1/syslib_depend.h
cp   ../../../include/tk/sysdepend/app_stm32f4/asm_depend.h
cp   ../../../include/tk/sysdepend/app_stm32f4/chip_stm32f407ig/sysdef_depend.h
cp   ../../../include/tk/sysdepend/app_stm32f4/cpuattr.h
cp   ../../../include/tk/sysdepend/app_stm32f4/cpudef.h
cp   ../../../include/tk/sysdepend/app_stm32f4/dbgspt_depend.h
cp   ../../../include/tk/sysdepend/app_stm32f4/sysdef_depend.h
cp   ../../../include/tk/sysdepend/app_stm32f4/syslib_depend.h
cp   ../../../include/tk/sysdepend/app_xc23xx/asm_depend.h
cp   ../../../include/tk/sysdepend/app_xc23xx/chip_xc2365b_40f/sysdef_depend.h
cp   ../../../include/tk/sysdepend/app_xc23xx/cpuattr.h
cp   ../../../include/tk/sysdepend/app_xc23xx/cpudef.h
cp   ../../../include/tk/sysdepend/app_xc23xx/dbgspt_depend.h
cp   ../../../include/tk/sysdepend/app_xc23xx/sysdef_depend.h
cp   ../../../include/tk/sysdepend/app_xc23xx/syslib_depend.h
cp   ../../../include/tk/sysdepend/app_xmc4000/asm_depend.h
cp   ../../../include/tk/sysdepend/app_xmc4000/chip_xmc4500x144x1024/sysdef_depend.h
cp   ../../../include/tk/sysdepend/app_xmc4000/cpuattr.h
cp   ../../../include/tk/sysdepend/app_xmc4000/cpudef.h
cp   ../../../include/tk/sysdepend/app_xmc4000/dbgspt_depend.h
cp   ../../../include/tk/sysdepend/app_xmc4000/sysdef_depend.h
cp   ../../../include/tk/sysdepend/app_xmc4000/syslib_depend.h
cp   ../../../include/tk/sysdepend/asm_common.h
cp   ../../../include/tk/sysdepend/dbgspt_common.h
cp   ../../../include/tk/sysdepend/syscall_common.h
cp   ../../../include/tk/sysdepend/sysdef_common.h
cp   ../../../include/tk/sysdepend/syslib_common.h
cp   ../../../include/tk/syslib.h
cp   ../../../include/tk/tkernel.h
cp   ../../../include/tk/typedef.h
cp   ../../../include/tk/util.h
cp   ../../../include/tm/tmonitor.h
cp   ../../../include/tm/tm_printf.h
cp   ../../../include/typedef.h
cp   ../../../kernel/cpu/src/sysdepend/arm4t/cpu_calls.c
cp   ../../../kernel/cpu/src/sysdepend/arm4t/cpu_calls.h
cp   ../../../kernel/cpu/src/sysdepend/arm4t/cpu_conf.h
cp   ../../../kernel/cpu/src/sysdepend/arm4t/cpu_init.c
cp   ../../../kernel/cpu/src/sysdepend/arm4t/cpu_insn.h
cp   ../../../kernel/cpu/src/sysdepend/arm4t/cpu_status.h
cp   ../../../kernel/cpu/src/sysdepend/arm4t/cpu_task.h
cp   ../../../kernel/cpu/src/sysdepend/arm4t/offset.h
cp   ../../../kernel/cpu/src/sysdepend/c166/cpu_calls.c
cp   ../../../kernel/cpu/src/sysdepend/c166/cpu_calls.h
cp   ../../../kernel/cpu/src/sysdepend/c166/cpu_conf.h
cp   ../../../kernel/cpu/src/sysdepend/c166/cpu_init.c
cp   ../../../kernel/cpu/src/sysdepend/c166/cpu_insn.h
cp   ../../../kernel/cpu/src/sysdepend/c166/cpu_status.h
cp   ../../../kernel/cpu/src/sysdepend/c166/cpu_support.c
cp   ../../../kernel/cpu/src/sysdepend/c166/cpu_task.h
cp   ../../../kernel/cpu/src/sysdepend/c166/offset.h
cp   ../../../kernel/cpu/src/sysdepend/cortex/cpu_calls.c
cp   ../../../kernel/cpu/src/sysdepend/cortex/cpu_calls.h
cp   ../../../kernel/cpu/src/sysdepend/cortex/cpu_conf.h
cp   ../../../kernel/cpu/src/sysdepend/cortex/cpu_init.c
cp   ../../../kernel/cpu/src/sysdepend/cortex/cpu_insn.h
cp   ../../../kernel/cpu/src/sysdepend/cortex/cpu_status.h
cp   ../../../kernel/cpu/src/sysdepend/cortex/cpu_task.h
cp   ../../../kernel/cpu/src/sysdepend/cortex/offset.h
cp   ../../../kernel/cpu/src/sysdepend/e200z3/cpu_calls.c
cp   ../../../kernel/cpu/src/sysdepend/e200z3/cpu_calls.h
cp   ../../../kernel/cpu/src/sysdepend/e200z3/cpu_conf.h
cp   ../../../kernel/cpu/src/sysdepend/e200z3/cpu_init.c
cp   ../../../kernel/cpu/src/sysdepend/e200z3/cpu_insn.h
cp   ../../../kernel/cpu/src/sysdepend/e200z3/cpu_status.h
cp   ../../../kernel/cpu/src/sysdepend/e200z3/cpu_support.c
cp   ../../../kernel/cpu/src/sysdepend/e200z3/cpu_task.h
cp   ../../../kernel/cpu/src/sysdepend/e200z3/offset.h
cp   ../../../kernel/cpu/src/sysdepend/s12cpuv2/cpu_calls.c
cp   ../../../kernel/cpu/src/sysdepend/s12cpuv2/cpu_calls.h
cp   ../../../kernel/cpu/src/sysdepend/s12cpuv2/cpu_conf.h
cp   ../../../kernel/cpu/src/sysdepend/s12cpuv2/cpu_init.c
cp   ../../../kernel/cpu/src/sysdepend/s12cpuv2/cpu_insn.h
cp   ../../../kernel/cpu/src/sysdepend/s12cpuv2/cpu_status.h
cp   ../../../kernel/cpu/src/sysdepend/s12cpuv2/cpu_support.c
cp   ../../../kernel/cpu/src/sysdepend/s12cpuv2/cpu_task.h
cp   ../../../kernel/cpu/src/sysdepend/s12cpuv2/offset.h
cp   ../../../kernel/device/src/sysdepend/app_at91sam3/chip_at91sam3s4c/hwconfig.h
cp   ../../../kernel/device/src/sysdepend/app_at91sam3/chip_at91sam3s4c/tkdev_conf.h
cp   ../../../kernel/device/src/sysdepend/app_at91sam3/devinit.c
cp   ../../../kernel/device/src/sysdepend/app_at91sam3/hwconfig.h
cp   ../../../kernel/device/src/sysdepend/app_at91sam3/patch.c
cp   ../../../kernel/device/src/sysdepend/app_at91sam3/patch.h
cp   ../../../kernel/device/src/sysdepend/app_at91sam3/power.c
cp   ../../../kernel/device/src/sysdepend/app_at91sam3/tkdev_conf.h
cp   ../../../kernel/device/src/sysdepend/app_at91sam3/tkdev_init.c
cp   ../../../kernel/device/src/sysdepend/app_at91sam3/tkdev_timer.h
cp   ../../../kernel/device/src/sysdepend/app_at91sam4/chip_at91sam4s16c/hwconfig.h
cp   ../../../kernel/device/src/sysdepend/app_at91sam4/chip_at91sam4s16c/tkdev_conf.h
cp   ../../../kernel/device/src/sysdepend/app_at91sam4/devinit.c
cp   ../../../kernel/device/src/sysdepend/app_at91sam4/hwconfig.h
cp   ../../../kernel/device/src/sysdepend/app_at91sam4/patch.c
cp   ../../../kernel/device/src/sysdepend/app_at91sam4/patch.h
cp   ../../../kernel/device/src/sysdepend/app_at91sam4/power.c
cp   ../../../kernel/device/src/sysdepend/app_at91sam4/tkdev_conf.h
cp   ../../../kernel/device/src/sysdepend/app_at91sam4/tkdev_init.c
cp   ../../../kernel/device/src/sysdepend/app_at91sam4/tkdev_timer.h
cp   ../../../kernel/device/src/sysdepend/app_at91sam7/chip_at91sam7s256/hwconfig.h
cp   ../../../kernel/device/src/sysdepend/app_at91sam7/chip_at91sam7s256/tkdev_conf.h
cp   ../../../kernel/device/src/sysdepend/app_at91sam7/devinit.c
cp   ../../../kernel/device/src/sysdepend/app_at91sam7/hwconfig.h
cp   ../../../kernel/device/src/sysdepend/app_at91sam7/patch.c
cp   ../../../kernel/device/src/sysdepend/app_at91sam7/patch.h
cp   ../../../kernel/device/src/sysdepend/app_at91sam7/power.c
cp   ../../../kernel/device/src/sysdepend/app_at91sam7/tkdev_conf.h
cp   ../../../kernel/device/src/sysdepend/app_at91sam7/tkdev_init.c
cp   ../../../kernel/device/src/sysdepend/app_at91sam7/tkdev_timer.h
cp   ../../../kernel/device/src/sysdepend/app_efm32g/chip_efm32g890f128/hwconfig.h
cp   ../../../kernel/device/src/sysdepend/app_efm32g/chip_efm32g890f128/tkdev_conf.h
cp   ../../../kernel/device/src/sysdepend/app_efm32g/devinit.c
cp   ../../../kernel/device/src/sysdepend/app_efm32g/hwconfig.h
cp   ../../../kernel/device/src/sysdepend/app_efm32g/patch.c
cp   ../../../kernel/device/src/sysdepend/app_efm32g/patch.h
cp   ../../../kernel/device/src/sysdepend/app_efm32g/power.c
cp   ../../../kernel/device/src/sysdepend/app_efm32g/tkdev_conf.h
cp   ../../../kernel/device/src/sysdepend/app_efm32g/tkdev_init.c
cp   ../../../kernel/device/src/sysdepend/app_efm32g/tkdev_timer.h
cp   ../../../kernel/device/src/sysdepend/app_lm3s/chip_lm3s9b96/hwconfig.h
cp   ../../../kernel/device/src/sysdepend/app_lm3s/chip_lm3s9b96/tkdev_conf.h
cp   ../../../kernel/device/src/sysdepend/app_lm3s/devinit.c
cp   ../../../kernel/device/src/sysdepend/app_lm3s/hwconfig.h
cp   ../../../kernel/device/src/sysdepend/app_lm3s/patch.c
cp   ../../../kernel/device/src/sysdepend/app_lm3s/patch.h
cp   ../../../kernel/device/src/sysdepend/app_lm3s/power.c
cp   ../../../kernel/device/src/sysdepend/app_lm3s/tkdev_conf.h
cp   ../../../kernel/device/src/sysdepend/app_lm3s/tkdev_init.c
cp   ../../../kernel/device/src/sysdepend/app_lm3s/tkdev_timer.h
cp   ../../../kernel/device/src/sysdepend/app_lm4f/chip_lm4f232h5qd/hwconfig.h
cp   ../../../kernel/device/src/sysdepend/app_lm4f/chip_lm4f232h5qd/tkdev_conf.h
cp   ../../../kernel/device/src/sysdepend/app_lm4f/devinit.c
cp   ../../../kernel/device/src/sysdepend/app_lm4f/hwconfig.h
cp   ../../../kernel/device/src/sysdepend/app_lm4f/patch.c
cp   ../../../kernel/device/src/sysdepend/app_lm4f/patch.h
cp   ../../../kernel/device/src/sysdepend/app_lm4f/power.c
cp   ../../../kernel/device/src/sysdepend/app_lm4f/tkdev_conf.h
cp   ../../../kernel/device/src/sysdepend/app_lm4f/tkdev_init.c
cp   ../../../kernel/device/src/sysdepend/app_lm4f/tkdev_timer.h
cp   ../../../kernel/device/src/sysdepend/app_lpc17/chip_lpc1766/hwconfig.h
cp   ../../../kernel/device/src/sysdepend/app_lpc17/chip_lpc1766/tkdev_conf.h
cp   ../../../kernel/device/src/sysdepend/app_lpc17/chip_lpc1788/hwconfig.h
cp   ../../../kernel/device/src/sysdepend/app_lpc17/chip_lpc1788/tkdev_conf.h
cp   ../../../kernel/device/src/sysdepend/app_lpc17/devinit.c
cp   ../../../kernel/device/src/sysdepend/app_lpc17/hwconfig.h
cp   ../../../kernel/device/src/sysdepend/app_lpc17/patch.c
cp   ../../../kernel/device/src/sysdepend/app_lpc17/patch.h
cp   ../../../kernel/device/src/sysdepend/app_lpc17/power.c
cp   ../../../kernel/device/src/sysdepend/app_lpc17/tkdev_conf.h
cp   ../../../kernel/device/src/sysdepend/app_lpc17/tkdev_init.c
cp   ../../../kernel/device/src/sysdepend/app_lpc17/tkdev_timer.h
cp   ../../../kernel/device/src/sysdepend/app_mb9bf5/chip_mb9bf506r/hwconfig.h
cp   ../../../kernel/device/src/sysdepend/app_mb9bf5/chip_mb9bf506r/tkdev_conf.h
cp   ../../../kernel/device/src/sysdepend/app_mb9bf5/devinit.c
cp   ../../../kernel/device/src/sysdepend/app_mb9bf5/hwconfig.h
cp   ../../../kernel/device/src/sysdepend/app_mb9bf5/patch.c
cp   ../../../kernel/device/src/sysdepend/app_mb9bf5/patch.h
cp   ../../../kernel/device/src/sysdepend/app_mb9bf5/power.c
cp   ../../../kernel/device/src/sysdepend/app_mb9bf5/tkdev_conf.h
cp   ../../../kernel/device/src/sysdepend/app_mb9bf5/tkdev_init.c
cp   ../../../kernel/device/src/sysdepend/app_mb9bf5/tkdev_timer.h
cp   ../../../kernel/device/src/sysdepend/app_mc9s12/chip_mc9s12dp512/hwconfig.h
cp   ../../../kernel/device/src/sysdepend/app_mc9s12/chip_mc9s12dp512/icrt0.c
cp   ../../../kernel/device/src/sysdepend/app_mc9s12/chip_mc9s12dp512/tkdev_conf.h
cp   ../../../kernel/device/src/sysdepend/app_mc9s12/devinit.c
cp   ../../../kernel/device/src/sysdepend/app_mc9s12/hwconfig.h
cp   ../../../kernel/device/src/sysdepend/app_mc9s12/icrt0.c
cp   ../../../kernel/device/src/sysdepend/app_mc9s12/patch.c
cp   ../../../kernel/device/src/sysdepend/app_mc9s12/patch.h
cp   ../../../kernel/device/src/sysdepend/app_mc9s12/power.c
cp   ../../../kernel/device/src/sysdepend/app_mc9s12/tkdev_conf.h
cp   ../../../kernel/device/src/sysdepend/app_mc9s12/tkdev_init.c
cp   ../../../kernel/device/src/sysdepend/app_mc9s12/tkdev_timer.h
cp   ../../../kernel/device/src/sysdepend/app_mk60/chip_mk60n512vmd100/hwconfig.h
cp   ../../../kernel/device/src/sysdepend/app_mk60/chip_mk60n512vmd100/tkdev_conf.h
cp   ../../../kernel/device/src/sysdepend/app_mk60/devinit.c
cp   ../../../kernel/device/src/sysdepend/app_mk60/hwconfig.h
cp   ../../../kernel/device/src/sysdepend/app_mk60/patch.c
cp   ../../../kernel/device/src/sysdepend/app_mk60/patch.h
cp   ../../../kernel/device/src/sysdepend/app_mk60/power.c
cp   ../../../kernel/device/src/sysdepend/app_mk60/tkdev_conf.h
cp   ../../../kernel/device/src/sysdepend/app_mk60/tkdev_init.c
cp   ../../../kernel/device/src/sysdepend/app_mk60/tkdev_timer.h
cp   ../../../kernel/device/src/sysdepend/app_mpc56xx/chip_mpc5634m_mlqb80/hwconfig.h
cp   ../../../kernel/device/src/sysdepend/app_mpc56xx/chip_mpc5634m_mlqb80/icrt0.c
cp   ../../../kernel/device/src/sysdepend/app_mpc56xx/chip_mpc5634m_mlqb80/tkdev_conf.h
cp   ../../../kernel/device/src/sysdepend/app_mpc56xx/devinit.c
cp   ../../../kernel/device/src/sysdepend/app_mpc56xx/hwconfig.h
cp   ../../../kernel/device/src/sysdepend/app_mpc56xx/icrt0.c
cp   ../../../kernel/device/src/sysdepend/app_mpc56xx/patch.c
cp   ../../../kernel/device/src/sysdepend/app_mpc56xx/patch.h
cp   ../../../kernel/device/src/sysdepend/app_mpc56xx/power.c
cp   ../../../kernel/device/src/sysdepend/app_mpc56xx/tkdev_conf.h
cp   ../../../kernel/device/src/sysdepend/app_mpc56xx/tkdev_init.c
cp   ../../../kernel/device/src/sysdepend/app_mpc56xx/tkdev_timer.h
cp   ../../../kernel/device/src/sysdepend/app_sim3/chip_sim3x16x/hwconfig.h
cp   ../../../kernel/device/src/sysdepend/app_sim3/chip_sim3x16x/tkdev_conf.h
cp   ../../../kernel/device/src/sysdepend/app_sim3/devinit.c
cp   ../../../kernel/device/src/sysdepend/app_sim3/hwconfig.h
cp   ../../../kernel/device/src/sysdepend/app_sim3/patch.c
cp   ../../../kernel/device/src/sysdepend/app_sim3/patch.h
cp   ../../../kernel/device/src/sysdepend/app_sim3/power.c
cp   ../../../kernel/device/src/sysdepend/app_sim3/tkdev_conf.h
cp   ../../../kernel/device/src/sysdepend/app_sim3/tkdev_init.c
cp   ../../../kernel/device/src/sysdepend/app_sim3/tkdev_timer.h
cp   ../../../kernel/device/src/sysdepend/app_stm32f1/chip_stm32f103ve/hwconfig.h
cp   ../../../kernel/device/src/sysdepend/app_stm32f1/chip_stm32f103ve/tkdev_conf.h
cp   ../../../kernel/device/src/sysdepend/app_stm32f1/chip_stm32f103ze/hwconfig.h
cp   ../../../kernel/device/src/sysdepend/app_stm32f1/chip_stm32f103ze/tkdev_conf.h
cp   ../../../kernel/device/src/sysdepend/app_stm32f1/chip_stm32f107vc/hwconfig.h
cp   ../../../kernel/device/src/sysdepend/app_stm32f1/chip_stm32f107vc/tkdev_conf.h
cp   ../../../kernel/device/src/sysdepend/app_stm32f1/devinit.c
cp   ../../../kernel/device/src/sysdepend/app_stm32f1/hwconfig.h
cp   ../../../kernel/device/src/sysdepend/app_stm32f1/patch.c
cp   ../../../kernel/device/src/sysdepend/app_stm32f1/patch.h
cp   ../../../kernel/device/src/sysdepend/app_stm32f1/power.c
cp   ../../../kernel/device/src/sysdepend/app_stm32f1/tkdev_conf.h
cp   ../../../kernel/device/src/sysdepend/app_stm32f1/tkdev_init.c
cp   ../../../kernel/device/src/sysdepend/app_stm32f1/tkdev_timer.h
cp   ../../../kernel/device/src/sysdepend/app_stm32f4/chip_stm32f407ig/hwconfig.h
cp   ../../../kernel/device/src/sysdepend/app_stm32f4/chip_stm32f407ig/tkdev_conf.h
cp   ../../../kernel/device/src/sysdepend/app_stm32f4/devinit.c
cp   ../../../kernel/device/src/sysdepend/app_stm32f4/hwconfig.h
cp   ../../../kernel/device/src/sysdepend/app_stm32f4/patch.c
cp   ../../../kernel/device/src/sysdepend/app_stm32f4/patch.h
cp   ../../../kernel/device/src/sysdepend/app_stm32f4/power.c
cp   ../../../kernel/device/src/sysdepend/app_stm32f4/tkdev_conf.h
cp   ../../../kernel/device/src/sysdepend/app_stm32f4/tkdev_init.c
cp   ../../../kernel/device/src/sysdepend/app_stm32f4/tkdev_timer.h
cp   ../../../kernel/device/src/sysdepend/app_xc23xx/chip_xc2365b_40f/hwconfig.h
cp   ../../../kernel/device/src/sysdepend/app_xc23xx/chip_xc2365b_40f/icrt0.c
cp   ../../../kernel/device/src/sysdepend/app_xc23xx/chip_xc2365b_40f/tkdev_conf.h
cp   ../../../kernel/device/src/sysdepend/app_xc23xx/devinit.c
cp   ../../../kernel/device/src/sysdepend/app_xc23xx/hwconfig.h
cp   ../../../kernel/device/src/sysdepend/app_xc23xx/icrt0.c
cp   ../../../kernel/device/src/sysdepend/app_xc23xx/patch.c
cp   ../../../kernel/device/src/sysdepend/app_xc23xx/patch.h
cp   ../../../kernel/device/src/sysdepend/app_xc23xx/power.c
cp   ../../../kernel/device/src/sysdepend/app_xc23xx/tkdev_conf.h
cp   ../../../kernel/device/src/sysdepend/app_xc23xx/tkdev_init.c
cp   ../../../kernel/device/src/sysdepend/app_xc23xx/tkdev_timer.h
cp   ../../../kernel/device/src/sysdepend/app_xmc4000/chip_xmc4500x144x1024/hwconfig.h
cp   ../../../kernel/device/src/sysdepend/app_xmc4000/chip_xmc4500x144x1024/tkdev_conf.h
cp   ../../../kernel/device/src/sysdepend/app_xmc4000/devinit.c
cp   ../../../kernel/device/src/sysdepend/app_xmc4000/hwconfig.h
cp   ../../../kernel/device/src/sysdepend/app_xmc4000/patch.c
cp   ../../../kernel/device/src/sysdepend/app_xmc4000/patch.h
cp   ../../../kernel/device/src/sysdepend/app_xmc4000/power.c
cp   ../../../kernel/device/src/sysdepend/app_xmc4000/tkdev_conf.h
cp   ../../../kernel/device/src/sysdepend/app_xmc4000/tkdev_init.c
cp   ../../../kernel/device/src/sysdepend/app_xmc4000/tkdev_timer.h
cp   ../../../kernel/osek/src/config/osek_cfg.c
cp   ../../../kernel/osek/src/config/osek_cfg.h
cp   ../../../kernel/osek/src/osek_alarm.c
cp   ../../../kernel/osek/src/osek_check.h
cp   ../../../kernel/osek/src/osek_event.c
cp   ../../../kernel/osek/src/osek_interrupt.c
cp   ../../../kernel/osek/src/osek_os.h
cp   ../../../kernel/osek/src/osek_osctrl.c
cp   ../../../kernel/osek/src/osek_resource.c
cp   ../../../kernel/osek/src/osek_task.c
cp   ../../../kernel/sysinit/src/sysinit.h
cp   ../../../kernel/sysinit/src/sysinit_main.c
cp   ../../../kernel/sysinit/src/sysstartup.c
cp   ../../../kernel/sysmain/src/inittask_main.c
cp   ../../../kernel/sysmain/src/sysmain.h
cp   ../../../kernel/tkernel/src/check.h
cp   ../../../kernel/tkernel/src/eventflag.c
cp   ../../../kernel/tkernel/src/eventflag.h
cp   ../../../kernel/tkernel/src/isyscall.h
cp   ../../../kernel/tkernel/src/isysconf.h
cp   ../../../kernel/tkernel/src/kernel.h
cp   ../../../kernel/tkernel/src/klock.c
cp   ../../../kernel/tkernel/src/limits.h
cp   ../../../kernel/tkernel/src/longlong.c
cp   ../../../kernel/tkernel/src/longlong.h
cp   ../../../kernel/tkernel/src/mailbox.c
cp   ../../../kernel/tkernel/src/mailbox.h
cp   ../../../kernel/tkernel/src/memory.c
cp   ../../../kernel/tkernel/src/memory.h
cp   ../../../kernel/tkernel/src/mempfix.c
cp   ../../../kernel/tkernel/src/mempfix.h
cp   ../../../kernel/tkernel/src/mempool.c
cp   ../../../kernel/tkernel/src/mempool.h
cp   ../../../kernel/tkernel/src/messagebuf.c
cp   ../../../kernel/tkernel/src/messagebuf.h
cp   ../../../kernel/tkernel/src/misc_calls.c
cp   ../../../kernel/tkernel/src/misc_calls.h
cp   ../../../kernel/tkernel/src/mutex.c
cp   ../../../kernel/tkernel/src/mutex.h
cp   ../../../kernel/tkernel/src/objname.c
cp   ../../../kernel/tkernel/src/ready_queue.h
cp   ../../../kernel/tkernel/src/rendezvous.c
cp   ../../../kernel/tkernel/src/rendezvous.h
cp   ../../../kernel/tkernel/src/semaphore.c
cp   ../../../kernel/tkernel/src/semaphore.h
cp   ../../../kernel/tkernel/src/task.c
cp   ../../../kernel/tkernel/src/task.h
cp   ../../../kernel/tkernel/src/task_manage.c
cp   ../../../kernel/tkernel/src/task_sync.c
cp   ../../../kernel/tkernel/src/task_sync.h
cp   ../../../kernel/tkernel/src/timer.c
cp   ../../../kernel/tkernel/src/timer.h
cp   ../../../kernel/tkernel/src/time_calls.c
cp   ../../../kernel/tkernel/src/time_calls.h
cp   ../../../kernel/tkernel/src/tkstart.c
cp   ../../../kernel/tkernel/src/wait.c
cp   ../../../kernel/tkernel/src/wait.h
cp   ../../../kernel/tkernel/src/winfo.h
cp   ../../../kernel/tstd/src/bitop.c
cp   ../../../kernel/tstd/src/bitop.h
cp   ../../../lib/libstr/src/libstr_config.h
cp   ../../../lib/libstr/src/string.c
cp   ../../../lib/libtk/src/fastlock.c
cp   ../../../lib/libtk/src/fastmlock.c
cp   ../../../lib/libtk/src/libtk_config.h
cp   ../../../lib/libtk/src/sysdepend/arm4t/int.c
cp   ../../../lib/libtk/src/sysdepend/c166/disint.c
cp   ../../../lib/libtk/src/sysdepend/c166/int.c
cp   ../../../lib/libtk/src/sysdepend/cortex/int.c
cp   ../../../lib/libtk/src/sysdepend/e200z3/disint.c
cp   ../../../lib/libtk/src/sysdepend/e200z3/int.c
cp   ../../../lib/libtk/src/sysdepend/s12cpuv2/disint.c
cp   ../../../lib/libtk/src/sysdepend/s12cpuv2/int.c
cp   ../../../lib/libtm/src/sysdepend/app_mc9s12/chip_mc9s12dp512/sio.c
cp   ../../../lib/libtm/src/sysdepend/app_mc9s12/sio.c
cp   ../../../lib/libtm/src/sysdepend/app_mpc56xx/chip_mpc5634m_mlqb80/sio.c
cp   ../../../lib/libtm/src/sysdepend/app_mpc56xx/sio.c
cp   ../../../lib/libtm/src/sysdepend/app_xc23xx/chip_xc2365b_40f/sio.c
cp   ../../../lib/libtm/src/sysdepend/app_xc23xx/sio.c
cp   ../../../lib/libtm/src/tm_monitor.c
cp   ../../../lib/libtm/src/tm_printf.c
